<?xml version="1.0" encoding="UTF-8"?>
<testsuite name="co.com.ceiba.estacionamiento.unitaria.TestVigilanteServiceImpl" tests="5" skipped="0" failures="0" errors="0" timestamp="2018-09-12T13:52:12" hostname="DANIEL-GIRALDO" time="0.15">
  <properties/>
  <testcase name="buscarVehiculo" classname="co.com.ceiba.estacionamiento.unitaria.TestVigilanteServiceImpl" time="0.105"/>
  <testcase name="buscarVehiculoNoEncontrado" classname="co.com.ceiba.estacionamiento.unitaria.TestVigilanteServiceImpl" time="0.002"/>
  <testcase name="guardarVehiculoTest" classname="co.com.ceiba.estacionamiento.unitaria.TestVigilanteServiceImpl" time="0.04"/>
  <testcase name="guardarVehiculoSinPlacaTest" classname="co.com.ceiba.estacionamiento.unitaria.TestVigilanteServiceImpl" time="0.0"/>
  <testcase name="guardarVehiculoExistenteTest" classname="co.com.ceiba.estacionamiento.unitaria.TestVigilanteServiceImpl" time="0.0"/>
  <system-out><![CDATA[08:52:12.630 [Test worker] DEBUG org.hibernate.jpa.HibernatePersistenceProvider - Located and parsed 1 persistence units; checking each
08:52:12.630 [Test worker] DEBUG org.hibernate.jpa.HibernatePersistenceProvider - Checking persistence-unit [name=TestPersistence, explicit-provider=org.hibernate.jpa.HibernatePersistenceProvider] against incoming persistence unit name [TestPersistence]
08:52:12.631 [Test worker] DEBUG org.hibernate.jpa.boot.spi.ProviderChecker - Persistence-unit [TestPersistence] requested PersistenceProvider [org.hibernate.jpa.HibernatePersistenceProvider]
08:52:12.631 [Test worker] DEBUG org.hibernate.jpa.internal.util.LogHelper - PersistenceUnitInfo [
	name: TestPersistence
	persistence provider classname: org.hibernate.jpa.HibernatePersistenceProvider
	classloader: null
	excludeUnlistedClasses: false
	JTA datasource: null
	Non JTA datasource: null
	Transaction type: RESOURCE_LOCAL
	PU root URL: file:/C:/Users/daniel.giraldo/Documents/GitHub/Ceiba-Estacionamiento(daniel.giraldo)/build/resources/main/
	Shared Cache Mode: null
	Validation Mode: null
	Jar files URLs []
	Managed classes names [
		co.com.ceiba.estacionamiento.model.Vehiculo
		co.com.ceiba.estacionamiento.unitaria.TestVigilanteRepository]
	Mapping files names []
	Properties [
		javax.persistence.jdbc.driver: com.mysql.jdbc.Driver
		javax.persistence.jdbc.password: 1234
		javax.persistence.jdbc.url: jdbc:mysql://localhost:3306/parqueadero
		hibernate.dialect: org.hibernate.dialect.MySQL5Dialect
		hibernate.show_sql: true
		javax.persistence.jdbc.user: root]
08:52:12.631 [Test worker] DEBUG org.hibernate.integrator.internal.IntegratorServiceImpl - Adding Integrator [org.hibernate.cfg.beanvalidation.BeanValidationIntegrator].
08:52:12.632 [Test worker] DEBUG org.hibernate.integrator.internal.IntegratorServiceImpl - Adding Integrator [org.hibernate.secure.spi.JaccIntegrator].
08:52:12.632 [Test worker] DEBUG org.hibernate.integrator.internal.IntegratorServiceImpl - Adding Integrator [org.hibernate.cache.internal.CollectionCacheInvalidator].
08:52:12.632 [Test worker] DEBUG org.hibernate.integrator.internal.IntegratorServiceImpl - Adding Integrator [org.hibernate.jpa.event.spi.JpaIntegrator].
08:52:12.636 [Test worker] DEBUG org.hibernate.service.spi.ServiceBinding - Overriding existing service binding [org.hibernate.secure.spi.JaccService]
08:52:12.636 [Test worker] DEBUG org.hibernate.cache.internal.RegionFactoryInitiator - Cache region factory : org.hibernate.cache.internal.NoCachingRegionFactory
08:52:12.642 [Test worker] DEBUG org.hibernate.type.BasicTypeRegistry - Adding type registration boolean -> org.hibernate.type.BooleanType@7e03ca66
08:52:12.642 [Test worker] DEBUG org.hibernate.type.BasicTypeRegistry - Adding type registration boolean -> org.hibernate.type.BooleanType@7e03ca66
08:52:12.642 [Test worker] DEBUG org.hibernate.type.BasicTypeRegistry - Adding type registration java.lang.Boolean -> org.hibernate.type.BooleanType@7e03ca66
08:52:12.642 [Test worker] DEBUG org.hibernate.type.BasicTypeRegistry - Adding type registration numeric_boolean -> org.hibernate.type.NumericBooleanType@4474586
08:52:12.643 [Test worker] DEBUG org.hibernate.type.BasicTypeRegistry - Adding type registration true_false -> org.hibernate.type.TrueFalseType@8c2b22b
08:52:12.643 [Test worker] DEBUG org.hibernate.type.BasicTypeRegistry - Adding type registration yes_no -> org.hibernate.type.YesNoType@4757a347
08:52:12.643 [Test worker] DEBUG org.hibernate.type.BasicTypeRegistry - Adding type registration byte -> org.hibernate.type.ByteType@7c909c17
08:52:12.643 [Test worker] DEBUG org.hibernate.type.BasicTypeRegistry - Adding type registration byte -> org.hibernate.type.ByteType@7c909c17
08:52:12.643 [Test worker] DEBUG org.hibernate.type.BasicTypeRegistry - Adding type registration java.lang.Byte -> org.hibernate.type.ByteType@7c909c17
08:52:12.643 [Test worker] DEBUG org.hibernate.type.BasicTypeRegistry - Adding type registration character -> org.hibernate.type.CharacterType@67f614c1
08:52:12.643 [Test worker] DEBUG org.hibernate.type.BasicTypeRegistry - Adding type registration char -> org.hibernate.type.CharacterType@67f614c1
08:52:12.643 [Test worker] DEBUG org.hibernate.type.BasicTypeRegistry - Adding type registration java.lang.Character -> org.hibernate.type.CharacterType@67f614c1
08:52:12.644 [Test worker] DEBUG org.hibernate.type.BasicTypeRegistry - Adding type registration short -> org.hibernate.type.ShortType@4b2d6538
08:52:12.644 [Test worker] DEBUG org.hibernate.type.BasicTypeRegistry - Adding type registration short -> org.hibernate.type.ShortType@4b2d6538
08:52:12.644 [Test worker] DEBUG org.hibernate.type.BasicTypeRegistry - Adding type registration java.lang.Short -> org.hibernate.type.ShortType@4b2d6538
08:52:12.644 [Test worker] DEBUG org.hibernate.type.BasicTypeRegistry - Adding type registration integer -> org.hibernate.type.IntegerType@59eb6f1b
08:52:12.645 [Test worker] DEBUG org.hibernate.type.BasicTypeRegistry - Adding type registration int -> org.hibernate.type.IntegerType@59eb6f1b
08:52:12.645 [Test worker] DEBUG org.hibernate.type.BasicTypeRegistry - Adding type registration java.lang.Integer -> org.hibernate.type.IntegerType@59eb6f1b
08:52:12.645 [Test worker] DEBUG org.hibernate.type.BasicTypeRegistry - Adding type registration long -> org.hibernate.type.LongType@7e29254
08:52:12.645 [Test worker] DEBUG org.hibernate.type.BasicTypeRegistry - Adding type registration long -> org.hibernate.type.LongType@7e29254
08:52:12.645 [Test worker] DEBUG org.hibernate.type.BasicTypeRegistry - Adding type registration java.lang.Long -> org.hibernate.type.LongType@7e29254
08:52:12.645 [Test worker] DEBUG org.hibernate.type.BasicTypeRegistry - Adding type registration float -> org.hibernate.type.FloatType@25fe1e03
08:52:12.645 [Test worker] DEBUG org.hibernate.type.BasicTypeRegistry - Adding type registration float -> org.hibernate.type.FloatType@25fe1e03
08:52:12.646 [Test worker] DEBUG org.hibernate.type.BasicTypeRegistry - Adding type registration java.lang.Float -> org.hibernate.type.FloatType@25fe1e03
08:52:12.646 [Test worker] DEBUG org.hibernate.type.BasicTypeRegistry - Adding type registration double -> org.hibernate.type.DoubleType@b43fbc8
08:52:12.646 [Test worker] DEBUG org.hibernate.type.BasicTypeRegistry - Adding type registration double -> org.hibernate.type.DoubleType@b43fbc8
08:52:12.646 [Test worker] DEBUG org.hibernate.type.BasicTypeRegistry - Adding type registration java.lang.Double -> org.hibernate.type.DoubleType@b43fbc8
08:52:12.646 [Test worker] DEBUG org.hibernate.type.BasicTypeRegistry - Adding type registration big_decimal -> org.hibernate.type.BigDecimalType@76d1ce00
08:52:12.646 [Test worker] DEBUG org.hibernate.type.BasicTypeRegistry - Adding type registration java.math.BigDecimal -> org.hibernate.type.BigDecimalType@76d1ce00
08:52:12.646 [Test worker] DEBUG org.hibernate.type.BasicTypeRegistry - Adding type registration big_integer -> org.hibernate.type.BigIntegerType@6edd57e1
08:52:12.647 [Test worker] DEBUG org.hibernate.type.BasicTypeRegistry - Adding type registration java.math.BigInteger -> org.hibernate.type.BigIntegerType@6edd57e1
08:52:12.649 [Test worker] DEBUG org.hibernate.type.BasicTypeRegistry - Adding type registration string -> org.hibernate.type.StringType@517ee201
08:52:12.649 [Test worker] DEBUG org.hibernate.type.BasicTypeRegistry - Adding type registration java.lang.String -> org.hibernate.type.StringType@517ee201
08:52:12.649 [Test worker] DEBUG org.hibernate.type.BasicTypeRegistry - Adding type registration nstring -> org.hibernate.type.StringNVarcharType@7a00045c
08:52:12.649 [Test worker] DEBUG org.hibernate.type.BasicTypeRegistry - Adding type registration ncharacter -> org.hibernate.type.CharacterNCharType@3f9cb671
08:52:12.650 [Test worker] DEBUG org.hibernate.type.BasicTypeRegistry - Adding type registration url -> org.hibernate.type.UrlType@74a48250
08:52:12.650 [Test worker] DEBUG org.hibernate.type.BasicTypeRegistry - Adding type registration java.net.URL -> org.hibernate.type.UrlType@74a48250
08:52:12.650 [Test worker] DEBUG org.hibernate.type.BasicTypeRegistry - Adding type registration Duration -> org.hibernate.type.DurationType@24543a27
08:52:12.650 [Test worker] DEBUG org.hibernate.type.BasicTypeRegistry - Adding type registration java.time.Duration -> org.hibernate.type.DurationType@24543a27
08:52:12.651 [Test worker] DEBUG org.hibernate.type.BasicTypeRegistry - Adding type registration Instant -> org.hibernate.type.InstantType@3d5dfdfe
08:52:12.656 [Test worker] DEBUG org.hibernate.type.BasicTypeRegistry - Adding type registration java.time.Instant -> org.hibernate.type.InstantType@3d5dfdfe
08:52:12.656 [Test worker] DEBUG org.hibernate.type.BasicTypeRegistry - Adding type registration LocalDateTime -> org.hibernate.type.LocalDateTimeType@6c48d858
08:52:12.656 [Test worker] DEBUG org.hibernate.type.BasicTypeRegistry - Adding type registration java.time.LocalDateTime -> org.hibernate.type.LocalDateTimeType@6c48d858
08:52:12.656 [Test worker] DEBUG org.hibernate.type.BasicTypeRegistry - Adding type registration LocalDate -> org.hibernate.type.LocalDateType@4f279595
08:52:12.656 [Test worker] DEBUG org.hibernate.type.BasicTypeRegistry - Adding type registration java.time.LocalDate -> org.hibernate.type.LocalDateType@4f279595
08:52:12.656 [Test worker] DEBUG org.hibernate.type.BasicTypeRegistry - Adding type registration LocalTime -> org.hibernate.type.LocalTimeType@78e3e340
08:52:12.656 [Test worker] DEBUG org.hibernate.type.BasicTypeRegistry - Adding type registration java.time.LocalTime -> org.hibernate.type.LocalTimeType@78e3e340
08:52:12.656 [Test worker] DEBUG org.hibernate.type.BasicTypeRegistry - Adding type registration OffsetDateTime -> org.hibernate.type.OffsetDateTimeType@3ff5f636
08:52:12.657 [Test worker] DEBUG org.hibernate.type.BasicTypeRegistry - Adding type registration java.time.OffsetDateTime -> org.hibernate.type.OffsetDateTimeType@3ff5f636
08:52:12.657 [Test worker] DEBUG org.hibernate.type.BasicTypeRegistry - Adding type registration OffsetTime -> org.hibernate.type.OffsetTimeType@33eedab0
08:52:12.657 [Test worker] DEBUG org.hibernate.type.BasicTypeRegistry - Adding type registration java.time.OffsetTime -> org.hibernate.type.OffsetTimeType@33eedab0
08:52:12.657 [Test worker] DEBUG org.hibernate.type.BasicTypeRegistry - Adding type registration ZonedDateTime -> org.hibernate.type.ZonedDateTimeType@6425a79f
08:52:12.657 [Test worker] DEBUG org.hibernate.type.BasicTypeRegistry - Adding type registration java.time.ZonedDateTime -> org.hibernate.type.ZonedDateTimeType@6425a79f
08:52:12.657 [Test worker] DEBUG org.hibernate.type.BasicTypeRegistry - Adding type registration date -> org.hibernate.type.DateType@18cb8209
08:52:12.657 [Test worker] DEBUG org.hibernate.type.BasicTypeRegistry - Adding type registration java.sql.Date -> org.hibernate.type.DateType@18cb8209
08:52:12.658 [Test worker] DEBUG org.hibernate.type.BasicTypeRegistry - Adding type registration time -> org.hibernate.type.TimeType@61d6b2d3
08:52:12.658 [Test worker] DEBUG org.hibernate.type.BasicTypeRegistry - Adding type registration java.sql.Time -> org.hibernate.type.TimeType@61d6b2d3
08:52:12.658 [Test worker] DEBUG org.hibernate.type.BasicTypeRegistry - Adding type registration timestamp -> org.hibernate.type.TimestampType@5eb50cfe
08:52:12.658 [Test worker] DEBUG org.hibernate.type.BasicTypeRegistry - Adding type registration java.sql.Timestamp -> org.hibernate.type.TimestampType@5eb50cfe
08:52:12.658 [Test worker] DEBUG org.hibernate.type.BasicTypeRegistry - Adding type registration java.util.Date -> org.hibernate.type.TimestampType@5eb50cfe
08:52:12.658 [Test worker] DEBUG org.hibernate.type.BasicTypeRegistry - Adding type registration dbtimestamp -> org.hibernate.type.DbTimestampType@6c30036a
08:52:12.658 [Test worker] DEBUG org.hibernate.type.BasicTypeRegistry - Adding type registration calendar -> org.hibernate.type.CalendarType@5026dd81
08:52:12.659 [Test worker] DEBUG org.hibernate.type.BasicTypeRegistry - Adding type registration java.util.Calendar -> org.hibernate.type.CalendarType@5026dd81
08:52:12.659 [Test worker] DEBUG org.hibernate.type.BasicTypeRegistry - Adding type registration java.util.GregorianCalendar -> org.hibernate.type.CalendarType@5026dd81
08:52:12.659 [Test worker] DEBUG org.hibernate.type.BasicTypeRegistry - Adding type registration calendar_date -> org.hibernate.type.CalendarDateType@35df3aa4
08:52:12.659 [Test worker] DEBUG org.hibernate.type.BasicTypeRegistry - Adding type registration locale -> org.hibernate.type.LocaleType@515954b5
08:52:12.659 [Test worker] DEBUG org.hibernate.type.BasicTypeRegistry - Adding type registration java.util.Locale -> org.hibernate.type.LocaleType@515954b5
08:52:12.659 [Test worker] DEBUG org.hibernate.type.BasicTypeRegistry - Adding type registration currency -> org.hibernate.type.CurrencyType@716543a8
08:52:12.659 [Test worker] DEBUG org.hibernate.type.BasicTypeRegistry - Adding type registration java.util.Currency -> org.hibernate.type.CurrencyType@716543a8
08:52:12.659 [Test worker] DEBUG org.hibernate.type.BasicTypeRegistry - Adding type registration timezone -> org.hibernate.type.TimeZoneType@73aacae5
08:52:12.660 [Test worker] DEBUG org.hibernate.type.BasicTypeRegistry - Adding type registration java.util.TimeZone -> org.hibernate.type.TimeZoneType@73aacae5
08:52:12.660 [Test worker] DEBUG org.hibernate.type.BasicTypeRegistry - Adding type registration class -> org.hibernate.type.ClassType@47b57691
08:52:12.660 [Test worker] DEBUG org.hibernate.type.BasicTypeRegistry - Adding type registration java.lang.Class -> org.hibernate.type.ClassType@47b57691
08:52:12.660 [Test worker] DEBUG org.hibernate.type.BasicTypeRegistry - Adding type registration uuid-binary -> org.hibernate.type.UUIDBinaryType@40cf2dbe
08:52:12.660 [Test worker] DEBUG org.hibernate.type.BasicTypeRegistry - Adding type registration java.util.UUID -> org.hibernate.type.UUIDBinaryType@40cf2dbe
08:52:12.660 [Test worker] DEBUG org.hibernate.type.BasicTypeRegistry - Adding type registration uuid-char -> org.hibernate.type.UUIDCharType@12599b85
08:52:12.661 [Test worker] DEBUG org.hibernate.type.BasicTypeRegistry - Adding type registration binary -> org.hibernate.type.BinaryType@270d31e1
08:52:12.661 [Test worker] DEBUG org.hibernate.type.BasicTypeRegistry - Adding type registration byte[] -> org.hibernate.type.BinaryType@270d31e1
08:52:12.661 [Test worker] DEBUG org.hibernate.type.BasicTypeRegistry - Adding type registration [B -> org.hibernate.type.BinaryType@270d31e1
08:52:12.661 [Test worker] DEBUG org.hibernate.type.BasicTypeRegistry - Adding type registration wrapper-binary -> org.hibernate.type.WrapperBinaryType@3887d4a0
08:52:12.661 [Test worker] DEBUG org.hibernate.type.BasicTypeRegistry - Adding type registration Byte[] -> org.hibernate.type.WrapperBinaryType@3887d4a0
08:52:12.661 [Test worker] DEBUG org.hibernate.type.BasicTypeRegistry - Adding type registration [Ljava.lang.Byte; -> org.hibernate.type.WrapperBinaryType@3887d4a0
08:52:12.662 [Test worker] DEBUG org.hibernate.type.BasicTypeRegistry - Adding type registration row_version -> org.hibernate.type.RowVersionType@6f743eeb
08:52:12.662 [Test worker] DEBUG org.hibernate.type.BasicTypeRegistry - Adding type registration image -> org.hibernate.type.ImageType@da7dbfc
08:52:12.662 [Test worker] DEBUG org.hibernate.type.BasicTypeRegistry - Adding type registration characters -> org.hibernate.type.CharArrayType@363f3276
08:52:12.662 [Test worker] DEBUG org.hibernate.type.BasicTypeRegistry - Adding type registration char[] -> org.hibernate.type.CharArrayType@363f3276
08:52:12.662 [Test worker] DEBUG org.hibernate.type.BasicTypeRegistry - Adding type registration [C -> org.hibernate.type.CharArrayType@363f3276
08:52:12.662 [Test worker] DEBUG org.hibernate.type.BasicTypeRegistry - Adding type registration wrapper-characters -> org.hibernate.type.CharacterArrayType@1924461
08:52:12.663 [Test worker] DEBUG org.hibernate.type.BasicTypeRegistry - Adding type registration [Ljava.lang.Character; -> org.hibernate.type.CharacterArrayType@1924461
08:52:12.663 [Test worker] DEBUG org.hibernate.type.BasicTypeRegistry - Adding type registration Character[] -> org.hibernate.type.CharacterArrayType@1924461
08:52:12.663 [Test worker] DEBUG org.hibernate.type.BasicTypeRegistry - Adding type registration text -> org.hibernate.type.TextType@5e50c81b
08:52:12.663 [Test worker] DEBUG org.hibernate.type.BasicTypeRegistry - Adding type registration ntext -> org.hibernate.type.NTextType@3701382d
08:52:12.663 [Test worker] DEBUG org.hibernate.type.BasicTypeRegistry - Adding type registration blob -> org.hibernate.type.BlobType@494e1db4
08:52:12.663 [Test worker] DEBUG org.hibernate.type.BasicTypeRegistry - Adding type registration java.sql.Blob -> org.hibernate.type.BlobType@494e1db4
08:52:12.663 [Test worker] DEBUG org.hibernate.type.BasicTypeRegistry - Adding type registration materialized_blob -> org.hibernate.type.MaterializedBlobType@e83b6d6
08:52:12.664 [Test worker] DEBUG org.hibernate.type.BasicTypeRegistry - Adding type registration clob -> org.hibernate.type.ClobType@2078c6dc
08:52:12.665 [Test worker] DEBUG org.hibernate.type.BasicTypeRegistry - Adding type registration java.sql.Clob -> org.hibernate.type.ClobType@2078c6dc
08:52:12.665 [Test worker] DEBUG org.hibernate.type.BasicTypeRegistry - Adding type registration nclob -> org.hibernate.type.NClobType@6a583cf
08:52:12.665 [Test worker] DEBUG org.hibernate.type.BasicTypeRegistry - Adding type registration java.sql.NClob -> org.hibernate.type.NClobType@6a583cf
08:52:12.665 [Test worker] DEBUG org.hibernate.type.BasicTypeRegistry - Adding type registration materialized_clob -> org.hibernate.type.MaterializedClobType@39877ad0
08:52:12.665 [Test worker] DEBUG org.hibernate.type.BasicTypeRegistry - Adding type registration materialized_nclob -> org.hibernate.type.MaterializedNClobType@60187a73
08:52:12.665 [Test worker] DEBUG org.hibernate.type.BasicTypeRegistry - Adding type registration serializable -> org.hibernate.type.SerializableType@1d795b5f
08:52:12.666 [Test worker] DEBUG org.hibernate.type.BasicTypeRegistry - Adding type registration object -> org.hibernate.type.ObjectType@56d46c01
08:52:12.666 [Test worker] DEBUG org.hibernate.type.BasicTypeRegistry - Adding type registration java.lang.Object -> org.hibernate.type.ObjectType@56d46c01
08:52:12.666 [Test worker] DEBUG org.hibernate.type.BasicTypeRegistry - Adding type registration imm_date -> org.hibernate.type.AdaptedImmutableType@591bd369
08:52:12.666 [Test worker] DEBUG org.hibernate.type.BasicTypeRegistry - Adding type registration imm_time -> org.hibernate.type.AdaptedImmutableType@2476bf3c
08:52:12.666 [Test worker] DEBUG org.hibernate.type.BasicTypeRegistry - Adding type registration imm_timestamp -> org.hibernate.type.AdaptedImmutableType@1e44f5ca
08:52:12.666 [Test worker] DEBUG org.hibernate.type.BasicTypeRegistry - Adding type registration imm_dbtimestamp -> org.hibernate.type.AdaptedImmutableType@69edb9a3
08:52:12.667 [Test worker] DEBUG org.hibernate.type.BasicTypeRegistry - Adding type registration imm_calendar -> org.hibernate.type.AdaptedImmutableType@6eeabf6c
08:52:12.667 [Test worker] DEBUG org.hibernate.type.BasicTypeRegistry - Adding type registration imm_calendar_date -> org.hibernate.type.AdaptedImmutableType@7ff462d2
08:52:12.667 [Test worker] DEBUG org.hibernate.type.BasicTypeRegistry - Adding type registration imm_binary -> org.hibernate.type.AdaptedImmutableType@46273243
08:52:12.667 [Test worker] DEBUG org.hibernate.type.BasicTypeRegistry - Adding type registration imm_serializable -> org.hibernate.type.AdaptedImmutableType@4283ab85
08:52:12.668 [Test worker] WARN org.hibernate.orm.connections.pooling - HHH10001002: Using Hibernate built-in connection pool (not for production use!)
08:52:12.668 [Test worker] INFO org.hibernate.orm.connections.pooling - HHH10001005: using driver [com.mysql.jdbc.Driver] at URL [jdbc:mysql://localhost:3306/parqueadero]
08:52:12.668 [Test worker] INFO org.hibernate.orm.connections.pooling - HHH10001001: Connection properties: {user=root, password=1234}
08:52:12.668 [Test worker] INFO org.hibernate.orm.connections.pooling - HHH10001003: Autocommit mode: false
08:52:12.669 [Test worker] DEBUG org.hibernate.engine.jdbc.connections.internal.DriverManagerConnectionProviderImpl - Initializing Connection pool with 1 Connections
08:52:12.669 [Test worker] INFO org.hibernate.engine.jdbc.connections.internal.DriverManagerConnectionProviderImpl - HHH000115: Hibernate connection pool size: 20 (min=1)
08:52:12.688 [Test worker] DEBUG org.hibernate.engine.jdbc.env.internal.JdbcEnvironmentInitiator - Database ->
       name : MySQL
    version : 8.0.12
      major : 8
      minor : 0
08:52:12.689 [Test worker] DEBUG org.hibernate.engine.jdbc.env.internal.JdbcEnvironmentInitiator - Driver ->
       name : MySQL Connector Java
    version : mysql-connector-java-5.1.46 ( Revision: 9cc87a48e75c2d2e87c1a293b2862ce651cb256e )
      major : 5
      minor : 1
08:52:12.689 [Test worker] DEBUG org.hibernate.engine.jdbc.env.internal.JdbcEnvironmentInitiator - JDBC version : 4.0
08:52:12.689 [Test worker] INFO org.hibernate.dialect.Dialect - HHH000400: Using dialect: org.hibernate.dialect.MySQL5Dialect
08:52:12.692 [Test worker] DEBUG org.hibernate.engine.jdbc.env.spi.IdentifierHelperBuilder - JDBC driver metadata reported database stores quoted identifiers in more than one case
08:52:12.693 [Test worker] DEBUG org.hibernate.engine.jdbc.env.spi.IdentifierHelperBuilder - IdentifierCaseStrategy for both quoted and unquoted identifiers was set to the same strategy [LOWER]; that will likely lead to problems in schema update and validation if using quoted identifiers
08:52:12.702 [Test worker] DEBUG org.hibernate.id.factory.internal.DefaultIdentifierGeneratorFactory - Registering IdentifierGenerator strategy [uuid2] -> [org.hibernate.id.UUIDGenerator]
08:52:12.702 [Test worker] DEBUG org.hibernate.id.factory.internal.DefaultIdentifierGeneratorFactory - Registering IdentifierGenerator strategy [guid] -> [org.hibernate.id.GUIDGenerator]
08:52:12.702 [Test worker] DEBUG org.hibernate.id.factory.internal.DefaultIdentifierGeneratorFactory - Registering IdentifierGenerator strategy [uuid] -> [org.hibernate.id.UUIDHexGenerator]
08:52:12.703 [Test worker] DEBUG org.hibernate.id.factory.internal.DefaultIdentifierGeneratorFactory - Registering IdentifierGenerator strategy [uuid.hex] -> [org.hibernate.id.UUIDHexGenerator]
08:52:12.703 [Test worker] DEBUG org.hibernate.id.factory.internal.DefaultIdentifierGeneratorFactory - Registering IdentifierGenerator strategy [assigned] -> [org.hibernate.id.Assigned]
08:52:12.703 [Test worker] DEBUG org.hibernate.id.factory.internal.DefaultIdentifierGeneratorFactory - Registering IdentifierGenerator strategy [identity] -> [org.hibernate.id.IdentityGenerator]
08:52:12.703 [Test worker] DEBUG org.hibernate.id.factory.internal.DefaultIdentifierGeneratorFactory - Registering IdentifierGenerator strategy [select] -> [org.hibernate.id.SelectGenerator]
08:52:12.703 [Test worker] DEBUG org.hibernate.id.factory.internal.DefaultIdentifierGeneratorFactory - Registering IdentifierGenerator strategy [sequence] -> [org.hibernate.id.enhanced.SequenceStyleGenerator]
08:52:12.703 [Test worker] DEBUG org.hibernate.id.factory.internal.DefaultIdentifierGeneratorFactory - Registering IdentifierGenerator strategy [seqhilo] -> [org.hibernate.id.SequenceHiLoGenerator]
08:52:12.703 [Test worker] DEBUG org.hibernate.id.factory.internal.DefaultIdentifierGeneratorFactory - Registering IdentifierGenerator strategy [increment] -> [org.hibernate.id.IncrementGenerator]
08:52:12.703 [Test worker] DEBUG org.hibernate.id.factory.internal.DefaultIdentifierGeneratorFactory - Registering IdentifierGenerator strategy [foreign] -> [org.hibernate.id.ForeignGenerator]
08:52:12.703 [Test worker] DEBUG org.hibernate.id.factory.internal.DefaultIdentifierGeneratorFactory - Registering IdentifierGenerator strategy [sequence-identity] -> [org.hibernate.id.SequenceIdentityGenerator]
08:52:12.703 [Test worker] DEBUG org.hibernate.id.factory.internal.DefaultIdentifierGeneratorFactory - Registering IdentifierGenerator strategy [enhanced-sequence] -> [org.hibernate.id.enhanced.SequenceStyleGenerator]
08:52:12.703 [Test worker] DEBUG org.hibernate.id.factory.internal.DefaultIdentifierGeneratorFactory - Registering IdentifierGenerator strategy [enhanced-table] -> [org.hibernate.id.enhanced.TableGenerator]
08:52:12.703 [Test worker] DEBUG org.hibernate.boot.model.relational.Namespace - Created database namespace [logicalName=Name{catalog=null, schema=null}, physicalName=Name{catalog=null, schema=null}]
08:52:12.703 [Test worker] DEBUG org.hibernate.boot.model.source.internal.annotations.AnnotationMetadataSourceProcessorImpl - Encountered a non-categorized annotated class [co.com.ceiba.estacionamiento.unitaria.TestVigilanteRepository]; ignoring
08:52:12.703 [Test worker] DEBUG org.hibernate.cfg.AnnotationBinder - Binding entity from annotated class: co.com.ceiba.estacionamiento.model.Vehiculo
08:52:12.703 [Test worker] DEBUG org.hibernate.cfg.Ejb3Column - Binding column: Ejb3DiscriminatorColumn{logicalColumnName'DTYPE', discriminatorTypeName='string'}
08:52:12.703 [Test worker] DEBUG org.hibernate.cfg.annotations.EntityBinder - Import with entity name Vehiculo
08:52:12.703 [Test worker] DEBUG org.hibernate.cfg.annotations.EntityBinder - Bind entity co.com.ceiba.estacionamiento.model.Vehiculo on table vehiculo
08:52:12.704 [Test worker] DEBUG org.hibernate.cfg.Ejb3Column - Binding column: Ejb3Column{table=org.hibernate.mapping.Table(vehiculo), mappingColumn=ID, insertable=true, updatable=true, unique=true}
08:52:12.704 [Test worker] DEBUG org.hibernate.cfg.annotations.PropertyBinder - MetadataSourceProcessor property id with lazy=false
08:52:12.704 [Test worker] DEBUG org.hibernate.cfg.AbstractPropertyHolder - Attempting to locate auto-apply AttributeConverter for property [co.com.ceiba.estacionamiento.model.Vehiculo:id]
08:52:12.704 [Test worker] DEBUG org.hibernate.cfg.annotations.SimpleValueBinder - building SimpleValue for id
08:52:12.704 [Test worker] DEBUG org.hibernate.cfg.annotations.PropertyBinder - Building property id
08:52:12.704 [Test worker] DEBUG org.hibernate.cfg.Ejb3Column - Binding column: Ejb3Column{table=org.hibernate.mapping.Table(vehiculo), mappingColumn=CILINDRAJE, insertable=true, updatable=true, unique=false}
08:52:12.704 [Test worker] DEBUG org.hibernate.cfg.annotations.PropertyBinder - MetadataSourceProcessor property cilindraje with lazy=false
08:52:12.704 [Test worker] DEBUG org.hibernate.cfg.AbstractPropertyHolder - Attempting to locate auto-apply AttributeConverter for property [co.com.ceiba.estacionamiento.model.Vehiculo:cilindraje]
08:52:12.704 [Test worker] DEBUG org.hibernate.cfg.annotations.SimpleValueBinder - building SimpleValue for cilindraje
08:52:12.704 [Test worker] DEBUG org.hibernate.cfg.annotations.PropertyBinder - Building property cilindraje
08:52:12.705 [Test worker] DEBUG org.hibernate.cfg.Ejb3Column - Binding column: Ejb3Column{table=org.hibernate.mapping.Table(vehiculo), mappingColumn=PLACA, insertable=true, updatable=true, unique=true}
08:52:12.705 [Test worker] DEBUG org.hibernate.cfg.annotations.PropertyBinder - MetadataSourceProcessor property placa with lazy=false
08:52:12.705 [Test worker] DEBUG org.hibernate.cfg.AbstractPropertyHolder - Attempting to locate auto-apply AttributeConverter for property [co.com.ceiba.estacionamiento.model.Vehiculo:placa]
08:52:12.705 [Test worker] DEBUG org.hibernate.cfg.annotations.SimpleValueBinder - building SimpleValue for placa
08:52:12.705 [Test worker] DEBUG org.hibernate.cfg.annotations.PropertyBinder - Building property placa
08:52:12.705 [Test worker] DEBUG org.hibernate.cfg.Ejb3Column - Binding column: Ejb3Column{table=org.hibernate.mapping.Table(vehiculo), mappingColumn=TIPO_VEHICULO, insertable=true, updatable=true, unique=false}
08:52:12.705 [Test worker] DEBUG org.hibernate.cfg.annotations.PropertyBinder - MetadataSourceProcessor property tipoVehiculo with lazy=false
08:52:12.705 [Test worker] DEBUG org.hibernate.cfg.AbstractPropertyHolder - Attempting to locate auto-apply AttributeConverter for property [co.com.ceiba.estacionamiento.model.Vehiculo:tipoVehiculo]
08:52:12.705 [Test worker] DEBUG org.hibernate.cfg.annotations.SimpleValueBinder - building SimpleValue for tipoVehiculo
08:52:12.705 [Test worker] DEBUG org.hibernate.cfg.annotations.PropertyBinder - Building property tipoVehiculo
08:52:12.706 [Test worker] DEBUG org.hibernate.cfg.annotations.SimpleValueBinder - Starting fillSimpleValue for id
08:52:12.706 [Test worker] DEBUG org.hibernate.cfg.annotations.SimpleValueBinder - Starting fillSimpleValue for cilindraje
08:52:12.706 [Test worker] DEBUG org.hibernate.cfg.annotations.SimpleValueBinder - Starting fillSimpleValue for placa
08:52:12.706 [Test worker] DEBUG org.hibernate.cfg.annotations.SimpleValueBinder - Starting fillSimpleValue for tipoVehiculo
08:52:12.706 [Test worker] DEBUG org.hibernate.mapping.PrimaryKey - Forcing column [id] to be non-null as it is part of the primary key for table [vehiculo]
08:52:12.708 [Test worker] DEBUG org.hibernate.internal.SessionFactoryImpl - Building session factory
08:52:12.708 [Test worker] DEBUG org.hibernate.cfg.Settings - SessionFactory name : null
08:52:12.708 [Test worker] DEBUG org.hibernate.cfg.Settings - Automatic flush during beforeCompletion(): enabled
08:52:12.708 [Test worker] DEBUG org.hibernate.cfg.Settings - Automatic session close at end of transaction: disabled
08:52:12.708 [Test worker] DEBUG org.hibernate.cfg.Settings - Statistics: disabled
08:52:12.708 [Test worker] DEBUG org.hibernate.cfg.Settings - Deleted entity synthetic identifier rollback: disabled
08:52:12.708 [Test worker] DEBUG org.hibernate.cfg.Settings - Default entity-mode: pojo
08:52:12.708 [Test worker] DEBUG org.hibernate.cfg.Settings - Check Nullability in Core (should be disabled when Bean Validation is on): enabled
08:52:12.708 [Test worker] DEBUG org.hibernate.cfg.Settings - Allow initialization of lazy state outside session : disabled
08:52:12.708 [Test worker] DEBUG org.hibernate.cfg.Settings - Using BatchFetchStyle : LEGACY
08:52:12.708 [Test worker] DEBUG org.hibernate.cfg.Settings - Default batch fetch size: -1
08:52:12.708 [Test worker] DEBUG org.hibernate.cfg.Settings - Maximum outer join fetch depth: 2
08:52:12.708 [Test worker] DEBUG org.hibernate.cfg.Settings - Default null ordering: NONE
08:52:12.708 [Test worker] DEBUG org.hibernate.cfg.Settings - Order SQL updates by primary key: disabled
08:52:12.708 [Test worker] DEBUG org.hibernate.cfg.Settings - Order SQL inserts for batching: disabled
08:52:12.708 [Test worker] DEBUG org.hibernate.cfg.Settings - multi-tenancy strategy : NONE
08:52:12.708 [Test worker] DEBUG org.hibernate.cfg.Settings - JTA Track by Thread: enabled
08:52:12.708 [Test worker] DEBUG org.hibernate.cfg.Settings - Query language substitutions: {}
08:52:12.708 [Test worker] DEBUG org.hibernate.cfg.Settings - JPA query language strict compliance: disabled
08:52:12.708 [Test worker] DEBUG org.hibernate.cfg.Settings - Named query checking : enabled
08:52:12.708 [Test worker] DEBUG org.hibernate.cfg.Settings - Second-level cache: disabled
08:52:12.708 [Test worker] DEBUG org.hibernate.cfg.Settings - Second-level query cache: disabled
08:52:12.708 [Test worker] DEBUG org.hibernate.cfg.Settings - Second-level query cache factory: null
08:52:12.708 [Test worker] DEBUG org.hibernate.cfg.Settings - Second-level cache region prefix: null
08:52:12.708 [Test worker] DEBUG org.hibernate.cfg.Settings - Optimize second-level cache for minimal puts: disabled
08:52:12.708 [Test worker] DEBUG org.hibernate.cfg.Settings - Structured second-level cache entries: disabled
08:52:12.708 [Test worker] DEBUG org.hibernate.cfg.Settings - Second-level cache direct-reference entries: disabled
08:52:12.708 [Test worker] DEBUG org.hibernate.cfg.Settings - Automatic eviction of collection cache: disabled
08:52:12.708 [Test worker] DEBUG org.hibernate.cfg.Settings - JDBC batch size: 15
08:52:12.708 [Test worker] DEBUG org.hibernate.cfg.Settings - JDBC batch updates for versioned data: enabled
08:52:12.708 [Test worker] DEBUG org.hibernate.cfg.Settings - Scrollable result sets: enabled
08:52:12.709 [Test worker] DEBUG org.hibernate.cfg.Settings - Wrap result sets: disabled
08:52:12.709 [Test worker] DEBUG org.hibernate.cfg.Settings - JDBC3 getGeneratedKeys(): enabled
08:52:12.709 [Test worker] DEBUG org.hibernate.cfg.Settings - JDBC result set fetch size: null
08:52:12.709 [Test worker] DEBUG org.hibernate.cfg.Settings - Connection release mode: AFTER_TRANSACTION
08:52:12.709 [Test worker] DEBUG org.hibernate.cfg.Settings - Generate SQL with comments: disabled
08:52:12.710 [Test worker] DEBUG org.hibernate.internal.SessionFactoryImpl - Session factory constructed with filter configurations : {}
08:52:12.710 [Test worker] DEBUG org.hibernate.internal.SessionFactoryImpl - Instantiating session factory with properties: {sun.desktop=windows, awt.toolkit=sun.awt.windows.WToolkit, file.encoding.pkg=sun.io, java.specification.version=1.8, sun.cpu.isalist=amd64, sun.jnu.encoding=Cp1252, hibernate.dialect=org.hibernate.dialect.MySQL5Dialect, org.gradle.test.worker=7, java.class.path=C:\Users\daniel.giraldo\Documents\GitHub\Ceiba-Estacionamiento(daniel.giraldo)\build\classes\java\test;C:\Users\daniel.giraldo\Documents\GitHub\Ceiba-Estacionamiento(daniel.giraldo)\build\resources\test;C:\Users\daniel.giraldo\Documents\GitHub\Ceiba-Estacionamiento(daniel.giraldo)\build\classes\java\main;C:\Users\daniel.giraldo\Documents\GitHub\Ceiba-Estacionamiento(daniel.giraldo)\build\resources\main;C:\Users\daniel.giraldo\.gradle\caches\modules-2\files-2.1\org.springframework.boot\spring-boot-starter-data-jpa\2.0.4.RELEASE\69970d3a7c353d8e727e2c6b2a9e621114f5e089\spring-boot-starter-data-jpa-2.0.4.RELEASE.jar;C:\Users\daniel.giraldo\.gradle\caches\modules-2\files-2.1\org.springframework.boot\spring-boot-starter-web\2.0.4.RELEASE\98d49e981ecf804da877d84259b7b0d1ec2fb6f6\spring-boot-starter-web-2.0.4.RELEASE.jar;C:\Users\daniel.giraldo\.gradle\caches\modules-2\files-2.1\org.json\json\20141113\c590c04911645db2f53b9bbefd5c3fcd8ca5581d\json-20141113.jar;C:\Users\daniel.giraldo\.gradle\caches\modules-2\files-2.1\com.h2database\h2\1.4.197\bb391050048ca8ae3e32451b5a3714ecd3596a46\h2-1.4.197.jar;C:\Users\daniel.giraldo\.gradle\caches\modules-2\files-2.1\mysql\mysql-connector-java\5.1.46\9a3e63b387e376364211e96827bc27db8d7a92e9\mysql-connector-java-5.1.46.jar;C:\Users\daniel.giraldo\.gradle\caches\modules-2\files-2.1\org.springframework.boot\spring-boot-starter-test\2.0.4.RELEASE\8f473705d2742b669f0318f10a956f94a93ba3d2\spring-boot-starter-test-2.0.4.RELEASE.jar;C:\Users\daniel.giraldo\.gradle\caches\modules-2\files-2.1\org.springframework.boot\spring-boot-starter-aop\2.0.4.RELEASE\5e963eb965b72e113a05351c482e3d613f04e59d\spring-boot-starter-aop-2.0.4.RELEASE.jar;C:\Users\daniel.giraldo\.gradle\caches\modules-2\files-2.1\org.springframework.boot\spring-boot-starter-jdbc\2.0.4.RELEASE\3e9b13a3bee8b8f9b2b9fde4f9e9aac0ccf2b3ba\spring-boot-starter-jdbc-2.0.4.RELEASE.jar;C:\Users\daniel.giraldo\.gradle\caches\modules-2\files-2.1\org.springframework.boot\spring-boot-starter-json\2.0.4.RELEASE\c7afabf0d7c85db178da4ce0634e3bd2ddb0eb71\spring-boot-starter-json-2.0.4.RELEASE.jar;C:\Users\daniel.giraldo\.gradle\caches\modules-2\files-2.1\org.springframework.boot\spring-boot-starter\2.0.4.RELEASE\ec46c63a2adeee40058eff1a6baefca13975dc94\spring-boot-starter-2.0.4.RELEASE.jar;C:\Users\daniel.giraldo\.gradle\caches\modules-2\files-2.1\org.hibernate\hibernate-core\5.2.17.Final\f2dc36470e7a2ffcf6106bb1625ecf5b54bb5f65\hibernate-core-5.2.17.Final.jar;C:\Users\daniel.giraldo\.gradle\caches\modules-2\files-2.1\javax.transaction\javax.transaction-api\1.2\d81aff979d603edd90dcd8db2abc1f4ce6479e3e\javax.transaction-api-1.2.jar;C:\Users\daniel.giraldo\.gradle\caches\modules-2\files-2.1\org.springframework.data\spring-data-jpa\2.0.9.RELEASE\30acb36f682367d93ed400b4324fe2559f0fcb\spring-data-jpa-2.0.9.RELEASE.jar;C:\Users\daniel.giraldo\.gradle\caches\modules-2\files-2.1\org.springframework\spring-aspects\5.0.8.RELEASE\e66926466b8c72658d7e536923041dc93976baf3\spring-aspects-5.0.8.RELEASE.jar;C:\Users\daniel.giraldo\.gradle\caches\modules-2\files-2.1\org.springframework.boot\spring-boot-starter-tomcat\2.0.4.RELEASE\dcf28989a34b0801fea0e810c371fb9dab1e7784\spring-boot-starter-tomcat-2.0.4.RELEASE.jar;C:\Users\daniel.giraldo\.gradle\caches\modules-2\files-2.1\org.hibernate.validator\hibernate-validator\6.0.11.Final\36f9d10a11e4768f55e8fb91ebe4338a5c43954e\hibernate-validator-6.0.11.Final.jar;C:\Users\daniel.giraldo\.gradle\caches\modules-2\files-2.1\org.springframework\spring-webmvc\5.0.8.RELEASE\7e5fe57590ca8e4468e50fe1d92b0b67aa4a327a\spring-webmvc-5.0.8.RELEASE.jar;C:\Users\daniel.giraldo\.gradle\caches\modules-2\files-2.1\org.springframework\spring-web\5.0.8.RELEASE\fa43cdadb4ab2491fd1d0ddb06c0808e4b60fc85\spring-web-5.0.8.RELEASE.jar;C:\Users\daniel.giraldo\.gradle\caches\modules-2\files-2.1\org.springframework.boot\spring-boot-test-autoconfigure\2.0.4.RELEASE\8a2e3f31e607fdb08deda2f59263ce177f1c4310\spring-boot-test-autoconfigure-2.0.4.RELEASE.jar;C:\Users\daniel.giraldo\.gradle\caches\modules-2\files-2.1\org.springframework.boot\spring-boot-test\2.0.4.RELEASE\8a17fc3cf16b6d75f2ba132ade04409a670095de\spring-boot-test-2.0.4.RELEASE.jar;C:\Users\daniel.giraldo\.gradle\caches\modules-2\files-2.1\com.jayway.jsonpath\json-path\2.4.0\765a4401ceb2dc8d40553c2075eb80a8fa35c2ae\json-path-2.4.0.jar;C:\Users\daniel.giraldo\.gradle\caches\modules-2\files-2.1\junit\junit\4.12\2973d150c0dc1fefe998f834810d68f278ea58ec\junit-4.12.jar;C:\Users\daniel.giraldo\.gradle\caches\modules-2\files-2.1\org.assertj\assertj-core\3.9.1\c5ce126b15f28d56cd8f960c1a6a058b9c9aea87\assertj-core-3.9.1.jar;C:\Users\daniel.giraldo\.gradle\caches\modules-2\files-2.1\org.mockito\mockito-core\2.15.0\b84bfbbc29cd22c9529409627af6ea2897f4fa85\mockito-core-2.15.0.jar;C:\Users\daniel.giraldo\.gradle\caches\modules-2\files-2.1\org.hamcrest\hamcrest-library\1.3\4785a3c21320980282f9f33d0d1264a69040538f\hamcrest-library-1.3.jar;C:\Users\daniel.giraldo\.gradle\caches\modules-2\files-2.1\org.hamcrest\hamcrest-core\1.3\42a25dc3219429f0e5d060061f71acb49bf010a0\hamcrest-core-1.3.jar;C:\Users\daniel.giraldo\.gradle\caches\modules-2\files-2.1\org.skyscreamer\jsonassert\1.5.0\6c9d5fe2f59da598d9aefc1cfc6528ff3cf32df3\jsonassert-1.5.0.jar;C:\Users\daniel.giraldo\.gradle\caches\modules-2\files-2.1\org.springframework\spring-test\5.0.8.RELEASE\5782619373bd7e7b7d9106203c317b04bb613ebb\spring-test-5.0.8.RELEASE.jar;C:\Users\daniel.giraldo\.gradle\caches\modules-2\files-2.1\org.springframework.boot\spring-boot-autoconfigure\2.0.4.RELEASE\65cd1244d606acc02ab7bfc47a203a3fe2400dda\spring-boot-autoconfigure-2.0.4.RELEASE.jar;C:\Users\daniel.giraldo\.gradle\caches\modules-2\files-2.1\org.springframework.boot\spring-boot\2.0.4.RELEASE\c8619c5b06d4dcdb4cac1e5e9c839e6e8b1c8574\spring-boot-2.0.4.RELEASE.jar;C:\Users\daniel.giraldo\.gradle\caches\modules-2\files-2.1\org.springframework\spring-orm\5.0.8.RELEASE\4da63072d1ed6a2eb4bc0a4c8da5e09f39b5021e\spring-orm-5.0.8.RELEASE.jar;C:\Users\daniel.giraldo\.gradle\caches\modules-2\files-2.1\org.springframework\spring-jdbc\5.0.8.RELEASE\efcf5f0ccaaa9deec2d9133c9d6bfbb7e55370ff\spring-jdbc-5.0.8.RELEASE.jar;C:\Users\daniel.giraldo\.gradle\caches\modules-2\files-2.1\org.springframework.data\spring-data-commons\2.0.9.RELEASE\9c8f3ea29c9dd6e4c41876c46e9f5f4987390beb\spring-data-commons-2.0.9.RELEASE.jar;C:\Users\daniel.giraldo\.gradle\caches\modules-2\files-2.1\org.springframework\spring-context\5.0.8.RELEASE\3a067d8990761111c9b6d1d895640be26cc1fb38\spring-context-5.0.8.RELEASE.jar;C:\Users\daniel.giraldo\.gradle\caches\modules-2\files-2.1\org.springframework\spring-tx\5.0.8.RELEASE\b6488db6192f71bd682a13b9d42127307631c616\spring-tx-5.0.8.RELEASE.jar;C:\Users\daniel.giraldo\.gradle\caches\modules-2\files-2.1\org.springframework\spring-aop\5.0.8.RELEASE\f5086c1a3185c481104511837427b39a07a57aa2\spring-aop-5.0.8.RELEASE.jar;C:\Users\daniel.giraldo\.gradle\caches\modules-2\files-2.1\org.springframework\spring-beans\5.0.8.RELEASE\5fc965d3e7f5515099244857a8ae9e2a208c169b\spring-beans-5.0.8.RELEASE.jar;C:\Users\daniel.giraldo\.gradle\caches\modules-2\files-2.1\org.springframework\spring-expression\5.0.8.RELEASE\f23158f22c917df2cddf2ecebc398a9e95f95fae\spring-expression-5.0.8.RELEASE.jar;C:\Users\daniel.giraldo\.gradle\caches\modules-2\files-2.1\org.springframework\spring-core\5.0.8.RELEASE\dc39c49e3246cdf73d3786ac41119140aed3fa08\spring-core-5.0.8.RELEASE.jar;C:\Users\daniel.giraldo\.gradle\caches\modules-2\files-2.1\org.xmlunit\xmlunit-core\2.5.1\4ffdb346572a7356f7521cd3119ce5287d2e339d\xmlunit-core-2.5.1.jar;C:\Users\daniel.giraldo\.gradle\caches\modules-2\files-2.1\org.springframework.boot\spring-boot-starter-logging\2.0.4.RELEASE\dcd1a2c431c970f44adae64d9145133979a513ab\spring-boot-starter-logging-2.0.4.RELEASE.jar;C:\Users\daniel.giraldo\.gradle\caches\modules-2\files-2.1\javax.annotation\javax.annotation-api\1.3.2\934c04d3cfef185a8008e7bf34331b79730a9d43\javax.annotation-api-1.3.2.jar;C:\Users\daniel.giraldo\.gradle\caches\modules-2\files-2.1\org.yaml\snakeyaml\1.19\2d998d3d674b172a588e54ab619854d073f555b5\snakeyaml-1.19.jar;C:\Users\daniel.giraldo\.gradle\caches\modules-2\files-2.1\org.aspectj\aspectjweaver\1.8.13\ad94df2a28d658a40dc27bbaff6a1ce5fbf04e9b\aspectjweaver-1.8.13.jar;C:\Users\daniel.giraldo\.gradle\caches\modules-2\files-2.1\com.zaxxer\HikariCP\2.7.9\a83113d2c091d0d0f853dad3217bd7df3beb6ae3\HikariCP-2.7.9.jar;C:\Users\daniel.giraldo\.gradle\caches\modules-2\files-2.1\org.hibernate.common\hibernate-commons-annotations\5.0.1.Final\71e1cff3fcb20d3b3af4f3363c3ddb24d33c6879\hibernate-commons-annotations-5.0.1.Final.jar;C:\Users\daniel.giraldo\.gradle\caches\modules-2\files-2.1\org.jboss.logging\jboss-logging\3.3.2.Final\3789d00e859632e6c6206adc0c71625559e6e3b0\jboss-logging-3.3.2.Final.jar;C:\Users\daniel.giraldo\.gradle\caches\modules-2\files-2.1\org.hibernate.javax.persistence\hibernate-jpa-2.1-api\1.0.2.Final\52afb5762c704a6b586e27742470c08f91877fc1\hibernate-jpa-2.1-api-1.0.2.Final.jar;C:\Users\daniel.giraldo\.gradle\caches\modules-2\files-2.1\org.javassist\javassist\3.22.0-GA\3e83394258ae2089be7219b971ec21a8288528ad\javassist-3.22.0-GA.jar;C:\Users\daniel.giraldo\.gradle\caches\modules-2\files-2.1\antlr\antlr\2.7.7\83cd2cd674a217ade95a4bb83a8a14f351f48bd0\antlr-2.7.7.jar;C:\Users\daniel.giraldo\.gradle\caches\modules-2\files-2.1\org.jboss\jandex\2.0.3.Final\bfc4d6257dbff7a33a357f0de116be6ff951d849\jandex-2.0.3.Final.jar;C:\Users\daniel.giraldo\.gradle\caches\modules-2\files-2.1\com.fasterxml\classmate\1.3.4\3d5f48f10bbe4eb7bd862f10c0583be2e0053c6\classmate-1.3.4.jar;C:\Users\daniel.giraldo\.gradle\caches\modules-2\files-2.1\dom4j\dom4j\1.6.1\5d3ccc056b6f056dbf0dddfdf43894b9065a8f94\dom4j-1.6.1.jar;C:\Users\daniel.giraldo\.gradle\caches\modules-2\files-2.1\ch.qos.logback\logback-classic\1.2.3\7c4f3c474fb2c041d8028740440937705ebb473a\logback-classic-1.2.3.jar;C:\Users\daniel.giraldo\.gradle\caches\modules-2\files-2.1\org.apache.logging.log4j\log4j-to-slf4j\2.10.0\f7e631ccf49cfc0aefa4a2a728da7d374c05bd3c\log4j-to-slf4j-2.10.0.jar;C:\Users\daniel.giraldo\.gradle\caches\modules-2\files-2.1\org.slf4j\jul-to-slf4j\1.7.25\af5364cd6679bfffb114f0dec8a157aaa283b76\jul-to-slf4j-1.7.25.jar;C:\Users\daniel.giraldo\.gradle\caches\modules-2\files-2.1\org.slf4j\slf4j-api\1.7.25\da76ca59f6a57ee3102f8f9bd9cee742973efa8a\slf4j-api-1.7.25.jar;C:\Users\daniel.giraldo\.gradle\caches\modules-2\files-2.1\com.fasterxml.jackson.datatype\jackson-datatype-jdk8\2.9.6\456895fc91bf7180b216fead220373e6278230c9\jackson-datatype-jdk8-2.9.6.jar;C:\Users\daniel.giraldo\.gradle\caches\modules-2\files-2.1\com.fasterxml.jackson.datatype\jackson-datatype-jsr310\2.9.6\ea54f6193d224e5e5732bbd4262327eb465397c2\jackson-datatype-jsr310-2.9.6.jar;C:\Users\daniel.giraldo\.gradle\caches\modules-2\files-2.1\com.fasterxml.jackson.module\jackson-module-parameter-names\2.9.6\129acd77a4b6ee30d62d3a0899b1344c8ec2bff8\jackson-module-parameter-names-2.9.6.jar;C:\Users\daniel.giraldo\.gradle\caches\modules-2\files-2.1\com.fasterxml.jackson.core\jackson-databind\2.9.6\cfa4f316351a91bfd95cb0644c6a2c95f52db1fc\jackson-databind-2.9.6.jar;C:\Users\daniel.giraldo\.gradle\caches\modules-2\files-2.1\org.apache.tomcat.embed\tomcat-embed-websocket\8.5.32\ea5302e378f1449d4e5dda79e8d810c1e7931f91\tomcat-embed-websocket-8.5.32.jar;C:\Users\daniel.giraldo\.gradle\caches\modules-2\files-2.1\org.apache.tomcat.embed\tomcat-embed-core\8.5.32\6bc6896200146010cc4666bdc6b9b0cbb453ee22\tomcat-embed-core-8.5.32.jar;C:\Users\daniel.giraldo\.gradle\caches\modules-2\files-2.1\org.apache.tomcat.embed\tomcat-embed-el\8.5.32\e4fd0ee015d83fa1c5ec93ff1d05bdaf9a4480c5\tomcat-embed-el-8.5.32.jar;C:\Users\daniel.giraldo\.gradle\caches\modules-2\files-2.1\javax.validation\validation-api\2.0.1.Final\cb855558e6271b1b32e716d24cb85c7f583ce09e\validation-api-2.0.1.Final.jar;C:\Users\daniel.giraldo\.gradle\caches\modules-2\files-2.1\net.minidev\json-smart\2.3\7396407491352ce4fa30de92efb158adb76b5b\json-smart-2.3.jar;C:\Users\daniel.giraldo\.gradle\caches\modules-2\files-2.1\net.bytebuddy\byte-buddy\1.7.11\f02857a4e2c66ccbe7aaad6100a0a6c461bce9b3\byte-buddy-1.7.11.jar;C:\Users\daniel.giraldo\.gradle\caches\modules-2\files-2.1\net.bytebuddy\byte-buddy-agent\1.7.11\b425a8933ca07edd03c6dbc8bc3b595fba9780de\byte-buddy-agent-1.7.11.jar;C:\Users\daniel.giraldo\.gradle\caches\modules-2\files-2.1\org.objenesis\objenesis\2.6\639033469776fd37c08358c6b92a4761feb2af4b\objenesis-2.6.jar;C:\Users\daniel.giraldo\.gradle\caches\modules-2\files-2.1\com.vaadin.external.google\android-json\0.0.20131108.vaadin1\fa26d351fe62a6a17f5cda1287c1c6110dec413f\android-json-0.0.20131108.vaadin1.jar;C:\Users\daniel.giraldo\.gradle\caches\modules-2\files-2.1\org.springframework\spring-jcl\5.0.8.RELEASE\a1fa8fb560fb252321776e16bc9ac8201af4ef5e\spring-jcl-5.0.8.RELEASE.jar;C:\Users\daniel.giraldo\.gradle\caches\modules-2\files-2.1\com.fasterxml.jackson.core\jackson-annotations\2.9.0\7c10d545325e3a6e72e06381afe469fd40eb701\jackson-annotations-2.9.0.jar;C:\Users\daniel.giraldo\.gradle\caches\modules-2\files-2.1\com.fasterxml.jackson.core\jackson-core\2.9.6\4e393793c37c77e042ccc7be5a914ae39251b365\jackson-core-2.9.6.jar;C:\Users\daniel.giraldo\.gradle\caches\modules-2\files-2.1\net.minidev\accessors-smart\1.2\c592b500269bfde36096641b01238a8350f8aa31\accessors-smart-1.2.jar;C:\Users\daniel.giraldo\.gradle\caches\modules-2\files-2.1\ch.qos.logback\logback-core\1.2.3\864344400c3d4d92dfeb0a305dc87d953677c03c\logback-core-1.2.3.jar;C:\Users\daniel.giraldo\.gradle\caches\modules-2\files-2.1\org.apache.logging.log4j\log4j-api\2.10.0\fec5797a55b786184a537abd39c3fa1449d752d6\log4j-api-2.10.0.jar;C:\Users\daniel.giraldo\.gradle\caches\modules-2\files-2.1\org.ow2.asm\asm\5.0.4\da08b8cce7bbf903602a25a3a163ae252435795\asm-5.0.4.jar, java.vm.vendor=Oracle Corporation, sun.arch.data.model=64, user.variant=, java.vendor.url=http://java.oracle.com/, user.timezone=America/Bogota, javax.persistence.jdbc.user=****, javax.persistence.jdbc.url=jdbc:mysql://localhost:3306/parqueadero, os.name=Windows 10, java.vm.specification.version=1.8, user.country=CO, sun.java.launcher=SUN_STANDARD, sun.boot.library.path=C:\Program Files\Java\jdk1.8.0_181\jre\bin, sun.java.command=worker.org.gradle.process.internal.worker.GradleWorkerMain 'Gradle Test Executor 7', sun.cpu.endian=little, user.home=C:\Users\daniel.giraldo, user.language=es, java.specification.vendor=Oracle Corporation, org.gradle.native=false, java.home=C:\Program Files\Java\jdk1.8.0_181\jre, file.separator=\, line.separator=
, java.vm.specification.vendor=Oracle Corporation, java.specification.name=Java Platform API Specification, hibernate.transaction.coordinator_class=class org.hibernate.resource.transaction.backend.jdbc.internal.JdbcResourceLocalTransactionCoordinatorBuilderImpl, java.awt.graphicsenv=sun.awt.Win32GraphicsEnvironment, javax.persistence.jdbc.driver=com.mysql.jdbc.Driver, sun.boot.class.path=C:\Program Files\Java\jdk1.8.0_181\jre\lib\resources.jar;C:\Program Files\Java\jdk1.8.0_181\jre\lib\rt.jar;C:\Program Files\Java\jdk1.8.0_181\jre\lib\sunrsasign.jar;C:\Program Files\Java\jdk1.8.0_181\jre\lib\jsse.jar;C:\Program Files\Java\jdk1.8.0_181\jre\lib\jce.jar;C:\Program Files\Java\jdk1.8.0_181\jre\lib\charsets.jar;C:\Program Files\Java\jdk1.8.0_181\jre\lib\jfr.jar;C:\Program Files\Java\jdk1.8.0_181\jre\classes, user.script=, sun.management.compiler=HotSpot 64-Bit Tiered Compilers, java.runtime.version=1.8.0_181-b13, user.name=daniel.giraldo, path.separator=;, hibernate.connection.username=****, os.version=10.0, java.endorsed.dirs=C:\Program Files\Java\jdk1.8.0_181\jre\lib\endorsed, java.runtime.name=Java(TM) SE Runtime Environment, hibernate.connection.url=jdbc:mysql://localhost:3306/parqueadero, hibernate.ejb.persistenceUnitName=TestPersistence, file.encoding=windows-1252, java.vm.name=Java HotSpot(TM) 64-Bit Server VM, hibernate.show_sql=true, hibernate.connection.driver_class=com.mysql.jdbc.Driver, java.vendor.url.bug=http://bugreport.sun.com/bugreport/, java.io.tmpdir=C:\Users\DANIEL~1.GIR\AppData\Local\Temp\, java.version=1.8.0_181, user.dir=C:\Users\daniel.giraldo\Documents\GitHub\Ceiba-Estacionamiento(daniel.giraldo), os.arch=amd64, java.vm.specification.name=Java Virtual Machine Specification, hibernate.connection.password=****, java.awt.printerjob=sun.awt.windows.WPrinterJob, sun.os.patch.level=, hibernate.boot.CfgXmlAccessService.key=org.hibernate.boot.cfgxml.spi.LoadedConfig@6d43a403, java.library.path=C:\Program Files\Java\jdk1.8.0_181\bin;C:\Windows\Sun\Java\bin;C:\Windows\system32;C:\Windows;C:/Program Files/Java/jre1.8.0_181/bin/server;C:/Program Files/Java/jre1.8.0_181/bin;C:/Program Files/Java/jre1.8.0_181/lib/amd64;C:\Program Files (x86)\Common Files\Oracle\Java\javapath;C:\Oracle\product\11.1.0\client_1\bin;C:\Program Files\CollabNet\Subversion Client;C:\Windows\system32;C:\Windows;C:\Windows\System32\Wbem;C:\Windows\System32\WindowsPowerShell\v1.0\;C:\Windows\System32\OpenSSH\;C:\Program Files\TortoiseSVN\bin;C:\Program Files (x86)\ATI Technologies\ATI.ACE\Core-Static;C:\Program Files\PuTTY\;C:\Program Files\Git\cmd;C:\Users\daniel.giraldo\AppData\Local\Microsoft\WindowsApps;C:\Users\daniel.giraldo\AppData\Local\GitHubDesktop\bin;C:\Users\daniel.giraldo\eclipse\jee-neon\eclipse;;., java.vm.info=mixed mode, java.vendor=Oracle Corporation, java.vm.version=25.181-b13, hibernate.bytecode.use_reflection_optimizer=false, java.ext.dirs=C:\Program Files\Java\jdk1.8.0_181\jre\lib\ext;C:\Windows\Sun\Java\lib\ext, sun.io.unicode.encoding=UnicodeLittle, javax.persistence.jdbc.password=****, java.class.version=52.0}
08:52:12.712 [Test worker] DEBUG org.hibernate.validator.internal.engine.resolver.TraversableResolvers - Found javax.persistence.Persistence on classpath containing 'getPersistenceUtil'. Assuming JPA 2 environment. Trying to instantiate JPA aware TraversableResolver
08:52:12.712 [Test worker] DEBUG org.hibernate.validator.internal.engine.resolver.TraversableResolvers - Instantiated JPA aware TraversableResolver of type org.hibernate.validator.internal.engine.resolver.JPATraversableResolver.
08:52:12.713 [Test worker] DEBUG org.hibernate.validator.internal.xml.config.ValidationXmlParser - Trying to load META-INF/validation.xml for XML based Validator configuration.
08:52:12.713 [Test worker] DEBUG org.hibernate.validator.internal.xml.config.ResourceLoaderHelper - Trying to load META-INF/validation.xml via TCCL
08:52:12.713 [Test worker] DEBUG org.hibernate.validator.internal.xml.config.ResourceLoaderHelper - Trying to load META-INF/validation.xml via Hibernate Validator's class loader
08:52:12.713 [Test worker] DEBUG org.hibernate.validator.internal.xml.config.ValidationXmlParser - No META-INF/validation.xml found. Using annotation based configuration only.
08:52:12.722 [Test worker] DEBUG org.hibernate.validator.messageinterpolation.ResourceBundleMessageInterpolator - Loaded expression factory via original TCCL
08:52:12.722 [Test worker] DEBUG org.hibernate.validator.internal.engine.ValidatorFactoryImpl - HV000234: Using org.hibernate.validator.messageinterpolation.ResourceBundleMessageInterpolator as ValidatorFactory-scoped message interpolator.
08:52:12.722 [Test worker] DEBUG org.hibernate.validator.internal.engine.ValidatorFactoryImpl - HV000234: Using org.hibernate.validator.internal.engine.resolver.JPATraversableResolver as ValidatorFactory-scoped traversable resolver.
08:52:12.722 [Test worker] DEBUG org.hibernate.validator.internal.engine.ValidatorFactoryImpl - HV000234: Using org.hibernate.validator.internal.util.ExecutableParameterNameProvider as ValidatorFactory-scoped parameter name provider.
08:52:12.722 [Test worker] DEBUG org.hibernate.validator.internal.engine.ValidatorFactoryImpl - HV000234: Using org.hibernate.validator.internal.engine.DefaultClockProvider as ValidatorFactory-scoped clock provider.
08:52:12.722 [Test worker] DEBUG org.hibernate.validator.internal.engine.ValidatorFactoryImpl - HV000234: Using org.hibernate.validator.internal.engine.scripting.DefaultScriptEvaluatorFactory as ValidatorFactory-scoped script evaluator factory.
08:52:12.722 [Test worker] DEBUG org.hibernate.boot.internal.ClassLoaderAccessImpl - Not known whether passed class name [co.com.ceiba.estacionamiento.model.Vehiculo] is safe
08:52:12.722 [Test worker] DEBUG org.hibernate.boot.internal.ClassLoaderAccessImpl - No temp ClassLoader provided; using live ClassLoader for loading potentially unsafe class : co.com.ceiba.estacionamiento.model.Vehiculo
08:52:12.728 [Test worker] DEBUG org.hibernate.secure.spi.JaccIntegrator - Skipping JACC integration as it was not enabled
08:52:12.728 [Test worker] DEBUG org.hibernate.engine.spi.CascadeStyles - External cascade style registration [persist : STYLE_PERSIST_SKIPLAZY] overrode base registration [STYLE_PERSIST_SKIPLAZY]
08:52:12.728 [Test worker] DEBUG org.hibernate.internal.SessionFactoryImpl - Instantiated session factory
08:52:12.729 [Test worker] DEBUG org.hibernate.boot.internal.ClassLoaderAccessImpl - Not known whether passed class name [co.com.ceiba.estacionamiento.model.Vehiculo] is safe
08:52:12.729 [Test worker] DEBUG org.hibernate.boot.internal.ClassLoaderAccessImpl - No temp ClassLoader provided; using live ClassLoader for loading potentially unsafe class : co.com.ceiba.estacionamiento.model.Vehiculo
08:52:12.729 [Test worker] DEBUG org.hibernate.boot.internal.ClassLoaderAccessImpl - Not known whether passed class name [co.com.ceiba.estacionamiento.model.Vehiculo] is safe
08:52:12.729 [Test worker] DEBUG org.hibernate.boot.internal.ClassLoaderAccessImpl - No temp ClassLoader provided; using live ClassLoader for loading potentially unsafe class : co.com.ceiba.estacionamiento.model.Vehiculo
08:52:12.730 [Test worker] DEBUG org.hibernate.persister.entity.AbstractEntityPersister - Static SQL for entity: co.com.ceiba.estacionamiento.model.Vehiculo
08:52:12.730 [Test worker] DEBUG org.hibernate.persister.entity.AbstractEntityPersister -  Version select: select ID from vehiculo where ID =?
08:52:12.730 [Test worker] DEBUG org.hibernate.persister.entity.AbstractEntityPersister -  Snapshot select: select vehiculo_.ID, vehiculo_.CILINDRAJE as CILINDRA2_0_, vehiculo_.PLACA as PLACA3_0_, vehiculo_.TIPO_VEHICULO as TIPO_VEH4_0_ from vehiculo vehiculo_ where vehiculo_.ID=?
08:52:12.730 [Test worker] DEBUG org.hibernate.persister.entity.AbstractEntityPersister -  Insert 0: insert into vehiculo (CILINDRAJE, PLACA, TIPO_VEHICULO, ID) values (?, ?, ?, ?)
08:52:12.730 [Test worker] DEBUG org.hibernate.persister.entity.AbstractEntityPersister -  Update 0: update vehiculo set CILINDRAJE=?, PLACA=?, TIPO_VEHICULO=? where ID=?
08:52:12.730 [Test worker] DEBUG org.hibernate.persister.entity.AbstractEntityPersister -  Delete 0: delete from vehiculo where ID=?
08:52:12.730 [Test worker] DEBUG org.hibernate.loader.plan.build.internal.spaces.QuerySpacesImpl - Adding QuerySpace : uid = <gen:0> -> org.hibernate.loader.plan.build.internal.spaces.EntityQuerySpaceImpl@3eb500dc]
08:52:12.730 [Test worker] DEBUG org.hibernate.persister.walking.spi.MetamodelGraphWalker - Visiting attribute path : cilindraje
08:52:12.730 [Test worker] DEBUG org.hibernate.persister.walking.spi.MetamodelGraphWalker - Visiting attribute path : placa
08:52:12.730 [Test worker] DEBUG org.hibernate.persister.walking.spi.MetamodelGraphWalker - Visiting attribute path : tipoVehiculo
08:52:12.730 [Test worker] DEBUG org.hibernate.loader.plan.build.internal.FetchStyleLoadPlanBuildingAssociationVisitationStrategy - Building LoadPlan...
08:52:12.732 [Test worker] DEBUG org.hibernate.loader.plan.exec.internal.LoadQueryJoinAndFetchProcessor - processing queryspace <gen:0>
08:52:12.732 [Test worker] DEBUG org.hibernate.loader.plan.build.spi.LoadPlanTreePrinter - LoadPlan(entity=co.com.ceiba.estacionamiento.model.Vehiculo)
    - Returns
       - EntityReturnImpl(entity=co.com.ceiba.estacionamiento.model.Vehiculo, querySpaceUid=<gen:0>, path=co.com.ceiba.estacionamiento.model.Vehiculo)
    - QuerySpaces
       - EntityQuerySpaceImpl(uid=<gen:0>, entity=co.com.ceiba.estacionamiento.model.Vehiculo)
          - SQL table alias mapping - vehiculo0_
          - alias suffix - 0_
          - suffixed key columns - {ID1_0_0_}

08:52:12.732 [Test worker] DEBUG org.hibernate.loader.entity.plan.EntityLoader - Static select for entity co.com.ceiba.estacionamiento.model.Vehiculo [NONE]: select vehiculo0_.ID as ID1_0_0_, vehiculo0_.CILINDRAJE as CILINDRA2_0_0_, vehiculo0_.PLACA as PLACA3_0_0_, vehiculo0_.TIPO_VEHICULO as TIPO_VEH4_0_0_ from vehiculo vehiculo0_ where vehiculo0_.ID=?
08:52:12.732 [Test worker] DEBUG org.hibernate.loader.plan.build.internal.spaces.QuerySpacesImpl - Adding QuerySpace : uid = <gen:0> -> org.hibernate.loader.plan.build.internal.spaces.EntityQuerySpaceImpl@39508375]
08:52:12.733 [Test worker] DEBUG org.hibernate.persister.walking.spi.MetamodelGraphWalker - Visiting attribute path : cilindraje
08:52:12.733 [Test worker] DEBUG org.hibernate.persister.walking.spi.MetamodelGraphWalker - Visiting attribute path : placa
08:52:12.733 [Test worker] DEBUG org.hibernate.persister.walking.spi.MetamodelGraphWalker - Visiting attribute path : tipoVehiculo
08:52:12.733 [Test worker] DEBUG org.hibernate.loader.plan.build.internal.FetchStyleLoadPlanBuildingAssociationVisitationStrategy - Building LoadPlan...
08:52:12.733 [Test worker] DEBUG org.hibernate.loader.plan.exec.internal.LoadQueryJoinAndFetchProcessor - processing queryspace <gen:0>
08:52:12.733 [Test worker] DEBUG org.hibernate.loader.plan.build.spi.LoadPlanTreePrinter - LoadPlan(entity=co.com.ceiba.estacionamiento.model.Vehiculo)
    - Returns
       - EntityReturnImpl(entity=co.com.ceiba.estacionamiento.model.Vehiculo, querySpaceUid=<gen:0>, path=co.com.ceiba.estacionamiento.model.Vehiculo)
    - QuerySpaces
       - EntityQuerySpaceImpl(uid=<gen:0>, entity=co.com.ceiba.estacionamiento.model.Vehiculo)
          - SQL table alias mapping - vehiculo0_
          - alias suffix - 0_
          - suffixed key columns - {ID1_0_0_}

08:52:12.733 [Test worker] DEBUG org.hibernate.loader.entity.plan.EntityLoader - Static select for entity co.com.ceiba.estacionamiento.model.Vehiculo [READ]: select vehiculo0_.ID as ID1_0_0_, vehiculo0_.CILINDRAJE as CILINDRA2_0_0_, vehiculo0_.PLACA as PLACA3_0_0_, vehiculo0_.TIPO_VEHICULO as TIPO_VEH4_0_0_ from vehiculo vehiculo0_ where vehiculo0_.ID=?
08:52:12.734 [Test worker] DEBUG org.hibernate.loader.plan.build.internal.spaces.QuerySpacesImpl - Adding QuerySpace : uid = <gen:0> -> org.hibernate.loader.plan.build.internal.spaces.EntityQuerySpaceImpl@426b90d7]
08:52:12.734 [Test worker] DEBUG org.hibernate.persister.walking.spi.MetamodelGraphWalker - Visiting attribute path : cilindraje
08:52:12.734 [Test worker] DEBUG org.hibernate.persister.walking.spi.MetamodelGraphWalker - Visiting attribute path : placa
08:52:12.734 [Test worker] DEBUG org.hibernate.persister.walking.spi.MetamodelGraphWalker - Visiting attribute path : tipoVehiculo
08:52:12.734 [Test worker] DEBUG org.hibernate.loader.plan.build.internal.FetchStyleLoadPlanBuildingAssociationVisitationStrategy - Building LoadPlan...
08:52:12.734 [Test worker] DEBUG org.hibernate.loader.plan.exec.internal.LoadQueryJoinAndFetchProcessor - processing queryspace <gen:0>
08:52:12.734 [Test worker] DEBUG org.hibernate.loader.plan.build.spi.LoadPlanTreePrinter - LoadPlan(entity=co.com.ceiba.estacionamiento.model.Vehiculo)
    - Returns
       - EntityReturnImpl(entity=co.com.ceiba.estacionamiento.model.Vehiculo, querySpaceUid=<gen:0>, path=co.com.ceiba.estacionamiento.model.Vehiculo)
    - QuerySpaces
       - EntityQuerySpaceImpl(uid=<gen:0>, entity=co.com.ceiba.estacionamiento.model.Vehiculo)
          - SQL table alias mapping - vehiculo0_
          - alias suffix - 0_
          - suffixed key columns - {ID1_0_0_}

08:52:12.734 [Test worker] DEBUG org.hibernate.loader.entity.plan.EntityLoader - Static select for entity co.com.ceiba.estacionamiento.model.Vehiculo [UPGRADE]: select vehiculo0_.ID as ID1_0_0_, vehiculo0_.CILINDRAJE as CILINDRA2_0_0_, vehiculo0_.PLACA as PLACA3_0_0_, vehiculo0_.TIPO_VEHICULO as TIPO_VEH4_0_0_ from vehiculo vehiculo0_ where vehiculo0_.ID=? for update
08:52:12.734 [Test worker] DEBUG org.hibernate.loader.plan.build.internal.spaces.QuerySpacesImpl - Adding QuerySpace : uid = <gen:0> -> org.hibernate.loader.plan.build.internal.spaces.EntityQuerySpaceImpl@10c3da20]
08:52:12.734 [Test worker] DEBUG org.hibernate.persister.walking.spi.MetamodelGraphWalker - Visiting attribute path : cilindraje
08:52:12.734 [Test worker] DEBUG org.hibernate.persister.walking.spi.MetamodelGraphWalker - Visiting attribute path : placa
08:52:12.734 [Test worker] DEBUG org.hibernate.persister.walking.spi.MetamodelGraphWalker - Visiting attribute path : tipoVehiculo
08:52:12.734 [Test worker] DEBUG org.hibernate.loader.plan.build.internal.FetchStyleLoadPlanBuildingAssociationVisitationStrategy - Building LoadPlan...
08:52:12.734 [Test worker] DEBUG org.hibernate.loader.plan.exec.internal.LoadQueryJoinAndFetchProcessor - processing queryspace <gen:0>
08:52:12.735 [Test worker] DEBUG org.hibernate.loader.plan.build.spi.LoadPlanTreePrinter - LoadPlan(entity=co.com.ceiba.estacionamiento.model.Vehiculo)
    - Returns
       - EntityReturnImpl(entity=co.com.ceiba.estacionamiento.model.Vehiculo, querySpaceUid=<gen:0>, path=co.com.ceiba.estacionamiento.model.Vehiculo)
    - QuerySpaces
       - EntityQuerySpaceImpl(uid=<gen:0>, entity=co.com.ceiba.estacionamiento.model.Vehiculo)
          - SQL table alias mapping - vehiculo0_
          - alias suffix - 0_
          - suffixed key columns - {ID1_0_0_}

08:52:12.735 [Test worker] DEBUG org.hibernate.loader.entity.plan.EntityLoader - Static select for entity co.com.ceiba.estacionamiento.model.Vehiculo [UPGRADE_NOWAIT]: select vehiculo0_.ID as ID1_0_0_, vehiculo0_.CILINDRAJE as CILINDRA2_0_0_, vehiculo0_.PLACA as PLACA3_0_0_, vehiculo0_.TIPO_VEHICULO as TIPO_VEH4_0_0_ from vehiculo vehiculo0_ where vehiculo0_.ID=? for update
08:52:12.735 [Test worker] DEBUG org.hibernate.loader.plan.build.internal.spaces.QuerySpacesImpl - Adding QuerySpace : uid = <gen:0> -> org.hibernate.loader.plan.build.internal.spaces.EntityQuerySpaceImpl@2c97c720]
08:52:12.735 [Test worker] DEBUG org.hibernate.persister.walking.spi.MetamodelGraphWalker - Visiting attribute path : cilindraje
08:52:12.735 [Test worker] DEBUG org.hibernate.persister.walking.spi.MetamodelGraphWalker - Visiting attribute path : placa
08:52:12.735 [Test worker] DEBUG org.hibernate.persister.walking.spi.MetamodelGraphWalker - Visiting attribute path : tipoVehiculo
08:52:12.735 [Test worker] DEBUG org.hibernate.loader.plan.build.internal.FetchStyleLoadPlanBuildingAssociationVisitationStrategy - Building LoadPlan...
08:52:12.735 [Test worker] DEBUG org.hibernate.loader.plan.exec.internal.LoadQueryJoinAndFetchProcessor - processing queryspace <gen:0>
08:52:12.735 [Test worker] DEBUG org.hibernate.loader.plan.build.spi.LoadPlanTreePrinter - LoadPlan(entity=co.com.ceiba.estacionamiento.model.Vehiculo)
    - Returns
       - EntityReturnImpl(entity=co.com.ceiba.estacionamiento.model.Vehiculo, querySpaceUid=<gen:0>, path=co.com.ceiba.estacionamiento.model.Vehiculo)
    - QuerySpaces
       - EntityQuerySpaceImpl(uid=<gen:0>, entity=co.com.ceiba.estacionamiento.model.Vehiculo)
          - SQL table alias mapping - vehiculo0_
          - alias suffix - 0_
          - suffixed key columns - {ID1_0_0_}

08:52:12.735 [Test worker] DEBUG org.hibernate.loader.entity.plan.EntityLoader - Static select for entity co.com.ceiba.estacionamiento.model.Vehiculo [UPGRADE_SKIPLOCKED]: select vehiculo0_.ID as ID1_0_0_, vehiculo0_.CILINDRAJE as CILINDRA2_0_0_, vehiculo0_.PLACA as PLACA3_0_0_, vehiculo0_.TIPO_VEHICULO as TIPO_VEH4_0_0_ from vehiculo vehiculo0_ where vehiculo0_.ID=? for update
08:52:12.735 [Test worker] DEBUG org.hibernate.loader.plan.build.internal.spaces.QuerySpacesImpl - Adding QuerySpace : uid = <gen:0> -> org.hibernate.loader.plan.build.internal.spaces.EntityQuerySpaceImpl@2240abf4]
08:52:12.735 [Test worker] DEBUG org.hibernate.persister.walking.spi.MetamodelGraphWalker - Visiting attribute path : cilindraje
08:52:12.735 [Test worker] DEBUG org.hibernate.persister.walking.spi.MetamodelGraphWalker - Visiting attribute path : placa
08:52:12.735 [Test worker] DEBUG org.hibernate.persister.walking.spi.MetamodelGraphWalker - Visiting attribute path : tipoVehiculo
08:52:12.735 [Test worker] DEBUG org.hibernate.loader.plan.build.internal.FetchStyleLoadPlanBuildingAssociationVisitationStrategy - Building LoadPlan...
08:52:12.736 [Test worker] DEBUG org.hibernate.loader.plan.exec.internal.LoadQueryJoinAndFetchProcessor - processing queryspace <gen:0>
08:52:12.736 [Test worker] DEBUG org.hibernate.loader.plan.build.spi.LoadPlanTreePrinter - LoadPlan(entity=co.com.ceiba.estacionamiento.model.Vehiculo)
    - Returns
       - EntityReturnImpl(entity=co.com.ceiba.estacionamiento.model.Vehiculo, querySpaceUid=<gen:0>, path=co.com.ceiba.estacionamiento.model.Vehiculo)
    - QuerySpaces
       - EntityQuerySpaceImpl(uid=<gen:0>, entity=co.com.ceiba.estacionamiento.model.Vehiculo)
          - SQL table alias mapping - vehiculo0_
          - alias suffix - 0_
          - suffixed key columns - {ID1_0_0_}

08:52:12.736 [Test worker] DEBUG org.hibernate.loader.entity.plan.EntityLoader - Static select for entity co.com.ceiba.estacionamiento.model.Vehiculo [FORCE]: select vehiculo0_.ID as ID1_0_0_, vehiculo0_.CILINDRAJE as CILINDRA2_0_0_, vehiculo0_.PLACA as PLACA3_0_0_, vehiculo0_.TIPO_VEHICULO as TIPO_VEH4_0_0_ from vehiculo vehiculo0_ where vehiculo0_.ID=? for update
08:52:12.736 [Test worker] DEBUG org.hibernate.loader.plan.build.internal.spaces.QuerySpacesImpl - Adding QuerySpace : uid = <gen:0> -> org.hibernate.loader.plan.build.internal.spaces.EntityQuerySpaceImpl@222e1cd6]
08:52:12.736 [Test worker] DEBUG org.hibernate.persister.walking.spi.MetamodelGraphWalker - Visiting attribute path : cilindraje
08:52:12.736 [Test worker] DEBUG org.hibernate.persister.walking.spi.MetamodelGraphWalker - Visiting attribute path : placa
08:52:12.736 [Test worker] DEBUG org.hibernate.persister.walking.spi.MetamodelGraphWalker - Visiting attribute path : tipoVehiculo
08:52:12.736 [Test worker] DEBUG org.hibernate.loader.plan.build.internal.FetchStyleLoadPlanBuildingAssociationVisitationStrategy - Building LoadPlan...
08:52:12.736 [Test worker] DEBUG org.hibernate.loader.plan.exec.internal.LoadQueryJoinAndFetchProcessor - processing queryspace <gen:0>
08:52:12.736 [Test worker] DEBUG org.hibernate.loader.plan.build.spi.LoadPlanTreePrinter - LoadPlan(entity=co.com.ceiba.estacionamiento.model.Vehiculo)
    - Returns
       - EntityReturnImpl(entity=co.com.ceiba.estacionamiento.model.Vehiculo, querySpaceUid=<gen:0>, path=co.com.ceiba.estacionamiento.model.Vehiculo)
    - QuerySpaces
       - EntityQuerySpaceImpl(uid=<gen:0>, entity=co.com.ceiba.estacionamiento.model.Vehiculo)
          - SQL table alias mapping - vehiculo0_
          - alias suffix - 0_
          - suffixed key columns - {ID1_0_0_}

08:52:12.736 [Test worker] DEBUG org.hibernate.loader.entity.plan.EntityLoader - Static select for entity co.com.ceiba.estacionamiento.model.Vehiculo [PESSIMISTIC_READ]: select vehiculo0_.ID as ID1_0_0_, vehiculo0_.CILINDRAJE as CILINDRA2_0_0_, vehiculo0_.PLACA as PLACA3_0_0_, vehiculo0_.TIPO_VEHICULO as TIPO_VEH4_0_0_ from vehiculo vehiculo0_ where vehiculo0_.ID=? lock in share mode
08:52:12.736 [Test worker] DEBUG org.hibernate.loader.plan.build.internal.spaces.QuerySpacesImpl - Adding QuerySpace : uid = <gen:0> -> org.hibernate.loader.plan.build.internal.spaces.EntityQuerySpaceImpl@4ab13716]
08:52:12.737 [Test worker] DEBUG org.hibernate.persister.walking.spi.MetamodelGraphWalker - Visiting attribute path : cilindraje
08:52:12.737 [Test worker] DEBUG org.hibernate.persister.walking.spi.MetamodelGraphWalker - Visiting attribute path : placa
08:52:12.737 [Test worker] DEBUG org.hibernate.persister.walking.spi.MetamodelGraphWalker - Visiting attribute path : tipoVehiculo
08:52:12.737 [Test worker] DEBUG org.hibernate.loader.plan.build.internal.FetchStyleLoadPlanBuildingAssociationVisitationStrategy - Building LoadPlan...
08:52:12.737 [Test worker] DEBUG org.hibernate.loader.plan.exec.internal.LoadQueryJoinAndFetchProcessor - processing queryspace <gen:0>
08:52:12.737 [Test worker] DEBUG org.hibernate.loader.plan.build.spi.LoadPlanTreePrinter - LoadPlan(entity=co.com.ceiba.estacionamiento.model.Vehiculo)
    - Returns
       - EntityReturnImpl(entity=co.com.ceiba.estacionamiento.model.Vehiculo, querySpaceUid=<gen:0>, path=co.com.ceiba.estacionamiento.model.Vehiculo)
    - QuerySpaces
       - EntityQuerySpaceImpl(uid=<gen:0>, entity=co.com.ceiba.estacionamiento.model.Vehiculo)
          - SQL table alias mapping - vehiculo0_
          - alias suffix - 0_
          - suffixed key columns - {ID1_0_0_}

08:52:12.738 [Test worker] DEBUG org.hibernate.loader.entity.plan.EntityLoader - Static select for entity co.com.ceiba.estacionamiento.model.Vehiculo [PESSIMISTIC_WRITE]: select vehiculo0_.ID as ID1_0_0_, vehiculo0_.CILINDRAJE as CILINDRA2_0_0_, vehiculo0_.PLACA as PLACA3_0_0_, vehiculo0_.TIPO_VEHICULO as TIPO_VEH4_0_0_ from vehiculo vehiculo0_ where vehiculo0_.ID=? for update
08:52:12.738 [Test worker] DEBUG org.hibernate.loader.plan.build.internal.spaces.QuerySpacesImpl - Adding QuerySpace : uid = <gen:0> -> org.hibernate.loader.plan.build.internal.spaces.EntityQuerySpaceImpl@3b832751]
08:52:12.738 [Test worker] DEBUG org.hibernate.persister.walking.spi.MetamodelGraphWalker - Visiting attribute path : cilindraje
08:52:12.738 [Test worker] DEBUG org.hibernate.persister.walking.spi.MetamodelGraphWalker - Visiting attribute path : placa
08:52:12.738 [Test worker] DEBUG org.hibernate.persister.walking.spi.MetamodelGraphWalker - Visiting attribute path : tipoVehiculo
08:52:12.738 [Test worker] DEBUG org.hibernate.loader.plan.build.internal.FetchStyleLoadPlanBuildingAssociationVisitationStrategy - Building LoadPlan...
08:52:12.738 [Test worker] DEBUG org.hibernate.loader.plan.exec.internal.LoadQueryJoinAndFetchProcessor - processing queryspace <gen:0>
08:52:12.739 [Test worker] DEBUG org.hibernate.loader.plan.build.spi.LoadPlanTreePrinter - LoadPlan(entity=co.com.ceiba.estacionamiento.model.Vehiculo)
    - Returns
       - EntityReturnImpl(entity=co.com.ceiba.estacionamiento.model.Vehiculo, querySpaceUid=<gen:0>, path=co.com.ceiba.estacionamiento.model.Vehiculo)
    - QuerySpaces
       - EntityQuerySpaceImpl(uid=<gen:0>, entity=co.com.ceiba.estacionamiento.model.Vehiculo)
          - SQL table alias mapping - vehiculo0_
          - alias suffix - 0_
          - suffixed key columns - {ID1_0_0_}

08:52:12.739 [Test worker] DEBUG org.hibernate.loader.entity.plan.EntityLoader - Static select for entity co.com.ceiba.estacionamiento.model.Vehiculo [PESSIMISTIC_FORCE_INCREMENT]: select vehiculo0_.ID as ID1_0_0_, vehiculo0_.CILINDRAJE as CILINDRA2_0_0_, vehiculo0_.PLACA as PLACA3_0_0_, vehiculo0_.TIPO_VEHICULO as TIPO_VEH4_0_0_ from vehiculo vehiculo0_ where vehiculo0_.ID=? for update
08:52:12.739 [Test worker] DEBUG org.hibernate.loader.plan.build.internal.spaces.QuerySpacesImpl - Adding QuerySpace : uid = <gen:0> -> org.hibernate.loader.plan.build.internal.spaces.EntityQuerySpaceImpl@5c1638fd]
08:52:12.739 [Test worker] DEBUG org.hibernate.persister.walking.spi.MetamodelGraphWalker - Visiting attribute path : cilindraje
08:52:12.739 [Test worker] DEBUG org.hibernate.persister.walking.spi.MetamodelGraphWalker - Visiting attribute path : placa
08:52:12.739 [Test worker] DEBUG org.hibernate.persister.walking.spi.MetamodelGraphWalker - Visiting attribute path : tipoVehiculo
08:52:12.739 [Test worker] DEBUG org.hibernate.loader.plan.build.internal.FetchStyleLoadPlanBuildingAssociationVisitationStrategy - Building LoadPlan...
08:52:12.739 [Test worker] DEBUG org.hibernate.loader.plan.exec.internal.LoadQueryJoinAndFetchProcessor - processing queryspace <gen:0>
08:52:12.740 [Test worker] DEBUG org.hibernate.loader.plan.build.spi.LoadPlanTreePrinter - LoadPlan(entity=co.com.ceiba.estacionamiento.model.Vehiculo)
    - Returns
       - EntityReturnImpl(entity=co.com.ceiba.estacionamiento.model.Vehiculo, querySpaceUid=<gen:0>, path=co.com.ceiba.estacionamiento.model.Vehiculo)
    - QuerySpaces
       - EntityQuerySpaceImpl(uid=<gen:0>, entity=co.com.ceiba.estacionamiento.model.Vehiculo)
          - SQL table alias mapping - vehiculo0_
          - alias suffix - 0_
          - suffixed key columns - {ID1_0_0_}

08:52:12.740 [Test worker] DEBUG org.hibernate.loader.entity.plan.EntityLoader - Static select for entity co.com.ceiba.estacionamiento.model.Vehiculo [OPTIMISTIC]: select vehiculo0_.ID as ID1_0_0_, vehiculo0_.CILINDRAJE as CILINDRA2_0_0_, vehiculo0_.PLACA as PLACA3_0_0_, vehiculo0_.TIPO_VEHICULO as TIPO_VEH4_0_0_ from vehiculo vehiculo0_ where vehiculo0_.ID=?
08:52:12.740 [Test worker] DEBUG org.hibernate.loader.plan.build.internal.spaces.QuerySpacesImpl - Adding QuerySpace : uid = <gen:0> -> org.hibernate.loader.plan.build.internal.spaces.EntityQuerySpaceImpl@5d475d7c]
08:52:12.740 [Test worker] DEBUG org.hibernate.persister.walking.spi.MetamodelGraphWalker - Visiting attribute path : cilindraje
08:52:12.740 [Test worker] DEBUG org.hibernate.persister.walking.spi.MetamodelGraphWalker - Visiting attribute path : placa
08:52:12.740 [Test worker] DEBUG org.hibernate.persister.walking.spi.MetamodelGraphWalker - Visiting attribute path : tipoVehiculo
08:52:12.740 [Test worker] DEBUG org.hibernate.loader.plan.build.internal.FetchStyleLoadPlanBuildingAssociationVisitationStrategy - Building LoadPlan...
08:52:12.741 [Test worker] DEBUG org.hibernate.loader.plan.exec.internal.LoadQueryJoinAndFetchProcessor - processing queryspace <gen:0>
08:52:12.741 [Test worker] DEBUG org.hibernate.loader.plan.build.spi.LoadPlanTreePrinter - LoadPlan(entity=co.com.ceiba.estacionamiento.model.Vehiculo)
    - Returns
       - EntityReturnImpl(entity=co.com.ceiba.estacionamiento.model.Vehiculo, querySpaceUid=<gen:0>, path=co.com.ceiba.estacionamiento.model.Vehiculo)
    - QuerySpaces
       - EntityQuerySpaceImpl(uid=<gen:0>, entity=co.com.ceiba.estacionamiento.model.Vehiculo)
          - SQL table alias mapping - vehiculo0_
          - alias suffix - 0_
          - suffixed key columns - {ID1_0_0_}

08:52:12.741 [Test worker] DEBUG org.hibernate.loader.entity.plan.EntityLoader - Static select for entity co.com.ceiba.estacionamiento.model.Vehiculo [OPTIMISTIC_FORCE_INCREMENT]: select vehiculo0_.ID as ID1_0_0_, vehiculo0_.CILINDRAJE as CILINDRA2_0_0_, vehiculo0_.PLACA as PLACA3_0_0_, vehiculo0_.TIPO_VEHICULO as TIPO_VEH4_0_0_ from vehiculo vehiculo0_ where vehiculo0_.ID=?
08:52:12.742 [Test worker] DEBUG org.hibernate.loader.Loader - Static select for action ACTION_MERGE on entity co.com.ceiba.estacionamiento.model.Vehiculo: select vehiculo0_.ID as ID1_0_0_, vehiculo0_.CILINDRAJE as CILINDRA2_0_0_, vehiculo0_.PLACA as PLACA3_0_0_, vehiculo0_.TIPO_VEHICULO as TIPO_VEH4_0_0_ from vehiculo vehiculo0_ where vehiculo0_.ID=?
08:52:12.742 [Test worker] DEBUG org.hibernate.loader.Loader - Static select for action ACTION_REFRESH on entity co.com.ceiba.estacionamiento.model.Vehiculo: select vehiculo0_.ID as ID1_0_0_, vehiculo0_.CILINDRAJE as CILINDRA2_0_0_, vehiculo0_.PLACA as PLACA3_0_0_, vehiculo0_.TIPO_VEHICULO as TIPO_VEH4_0_0_ from vehiculo vehiculo0_ where vehiculo0_.ID=?
08:52:12.743 [Test worker] DEBUG org.hibernate.tool.schema.spi.SchemaManagementToolCoordinator - No actions specified; doing nothing
08:52:12.743 [Test worker] DEBUG org.hibernate.engine.transaction.jta.platform.internal.JtaPlatformInitiator - No JtaPlatform was specified, checking resolver
08:52:12.743 [Test worker] DEBUG org.hibernate.engine.transaction.jta.platform.internal.JtaPlatformResolverInitiator - No JtaPlatformResolver was specified, using default [org.hibernate.engine.transaction.jta.platform.internal.StandardJtaPlatformResolver]
08:52:12.751 [Test worker] DEBUG org.hibernate.engine.transaction.jta.platform.internal.StandardJtaPlatformResolver - Could not resolve JtaPlatform, using default [org.hibernate.engine.transaction.jta.platform.internal.NoJtaPlatform]
08:52:12.751 [Test worker] DEBUG org.hibernate.query.spi.NamedQueryRepository - Checking 0 named HQL queries
08:52:12.751 [Test worker] DEBUG org.hibernate.query.spi.NamedQueryRepository - Checking 0 named SQL queries
08:52:12.751 [Test worker] DEBUG org.hibernate.internal.SessionFactoryRegistry - Registering SessionFactory: e4711937-a12d-448d-85c0-16192a110c66 (<unnamed>)
08:52:12.751 [Test worker] DEBUG org.hibernate.internal.SessionFactoryRegistry - Not binding SessionFactory to JNDI, no JNDI name configured
08:52:12.751 [Test worker] DEBUG org.hibernate.stat.internal.StatisticsInitiator - Statistics initialized [enabled=false]
 vehiculo id 1 placa GXL315 cilindraje 115 tipoVehiculo C
08:52:12.847 [Test worker] DEBUG org.hibernate.hql.internal.QueryTranslatorFactoryInitiator - QueryTranslatorFactory : org.hibernate.hql.internal.ast.ASTQueryTranslatorFactory@a3e3931
08:52:12.847 [Test worker] INFO org.hibernate.hql.internal.QueryTranslatorFactoryInitiator - HHH000397: Using ASTQueryTranslatorFactory
08:52:12.848 [Test worker] DEBUG org.hibernate.hql.internal.ast.QueryTranslatorImpl - parse() - HQL: SELECT v FROM co.com.ceiba.estacionamiento.model.Vehiculo v WHERE v.placa =?
08:52:12.849 [Test worker] DEBUG org.hibernate.hql.internal.ast.ErrorCounter - throwQueryException() : no errors
08:52:12.849 [Test worker] DEBUG org.hibernate.hql.internal.ast.QueryTranslatorImpl - --- HQL AST ---
 \-[QUERY] Node: 'query'
    +-[SELECT_FROM] Node: 'SELECT_FROM'
    |  +-[FROM] Node: 'FROM'
    |  |  \-[RANGE] Node: 'RANGE'
    |  |     +-[DOT] Node: '.'
    |  |     |  +-[DOT] Node: '.'
    |  |     |  |  +-[DOT] Node: '.'
    |  |     |  |  |  +-[DOT] Node: '.'
    |  |     |  |  |  |  +-[DOT] Node: '.'
    |  |     |  |  |  |  |  +-[IDENT] Node: 'co'
    |  |     |  |  |  |  |  \-[IDENT] Node: 'com'
    |  |     |  |  |  |  \-[IDENT] Node: 'ceiba'
    |  |     |  |  |  \-[IDENT] Node: 'estacionamiento'
    |  |     |  |  \-[IDENT] Node: 'model'
    |  |     |  \-[IDENT] Node: 'Vehiculo'
    |  |     \-[ALIAS] Node: 'v'
    |  \-[SELECT] Node: 'SELECT'
    |     \-[IDENT] Node: 'v'
    \-[WHERE] Node: 'WHERE'
       \-[EQ] Node: '='
          +-[DOT] Node: '.'
          |  +-[IDENT] Node: 'v'
          |  \-[IDENT] Node: 'placa'
          \-[PARAM] Node: '?'

08:52:12.850 [Test worker] DEBUG org.hibernate.hql.internal.antlr.HqlSqlBaseWalker - select << begin [level=1, statement=select]
08:52:12.850 [Test worker] DEBUG org.hibernate.hql.internal.ast.tree.FromElement - FromClause{level=1} : co.com.ceiba.estacionamiento.model.Vehiculo (v) -> vehiculo0_
08:52:12.850 [Test worker] DEBUG org.hibernate.hql.internal.ast.tree.FromReferenceNode - Resolved : v -> vehiculo0_.ID
08:52:12.850 [Test worker] DEBUG org.hibernate.hql.internal.ast.tree.FromReferenceNode - Resolved : v -> vehiculo0_.ID
08:52:12.851 [Test worker] DEBUG org.hibernate.hql.internal.ast.tree.DotNode - getDataType() : placa -> org.hibernate.type.StringType@517ee201
08:52:12.851 [Test worker] DEBUG org.hibernate.hql.internal.ast.tree.FromReferenceNode - Resolved : v.placa -> vehiculo0_.PLACA
08:52:12.851 [Test worker] WARN org.hibernate.hql.internal.ast.HqlSqlWalker - [DEPRECATION] Encountered positional parameter near line 1, column 76 in HQL: [SELECT v FROM co.com.ceiba.estacionamiento.model.Vehiculo v WHERE v.placa =?].  Positional parameter are considered deprecated; use named parameters or JPA-style positional parameters instead.
08:52:12.851 [Test worker] DEBUG org.hibernate.hql.internal.antlr.HqlSqlBaseWalker - select : finishing up [level=1, statement=select]
08:52:12.852 [Test worker] DEBUG org.hibernate.hql.internal.ast.HqlSqlWalker - processQuery() :  ( SELECT ( {select clause} vehiculo0_.ID ) ( FromClause{level=1} vehiculo vehiculo0_ ) ( WHERE ( = ( vehiculo0_.PLACA vehiculo0_.ID placa ) ? ) ) )
08:52:12.852 [Test worker] DEBUG org.hibernate.hql.internal.ast.util.JoinProcessor - Using FROM fragment [vehiculo vehiculo0_]
08:52:12.852 [Test worker] DEBUG org.hibernate.hql.internal.antlr.HqlSqlBaseWalker - select >> end [level=1, statement=select]
08:52:12.852 [Test worker] DEBUG org.hibernate.hql.internal.ast.QueryTranslatorImpl - --- SQL AST ---
 \-[SELECT] QueryNode: 'SELECT'  querySpaces (vehiculo)
    +-[SELECT_CLAUSE] SelectClause: '{select clause}'
    |  +-[ALIAS_REF] IdentNode: 'vehiculo0_.ID as ID1_0_' {alias=v, className=co.com.ceiba.estacionamiento.model.Vehiculo, tableAlias=vehiculo0_}
    |  \-[SQL_TOKEN] SqlFragment: 'vehiculo0_.CILINDRAJE as CILINDRA2_0_, vehiculo0_.PLACA as PLACA3_0_, vehiculo0_.TIPO_VEHICULO as TIPO_VEH4_0_'
    +-[FROM] FromClause: 'FROM' FromClause{level=1, fromElementCounter=1, fromElements=1, fromElementByClassAlias=[v], fromElementByTableAlias=[vehiculo0_], fromElementsByPath=[], collectionJoinFromElementsByPath=[], impliedElements=[]}
    |  \-[FROM_FRAGMENT] FromElement: 'vehiculo vehiculo0_' FromElement{explicit,not a collection join,not a fetch join,fetch non-lazy properties,classAlias=v,role=null,tableName=vehiculo,tableAlias=vehiculo0_,origin=null,columns={,className=co.com.ceiba.estacionamiento.model.Vehiculo}}
    \-[WHERE] SqlNode: 'WHERE'
       \-[EQ] BinaryLogicOperatorNode: '='
          +-[DOT] DotNode: 'vehiculo0_.PLACA' {propertyName=placa,dereferenceType=PRIMITIVE,getPropertyPath=placa,path=v.placa,tableAlias=vehiculo0_,className=co.com.ceiba.estacionamiento.model.Vehiculo,classAlias=v}
          |  +-[ALIAS_REF] IdentNode: 'vehiculo0_.ID' {alias=v, className=co.com.ceiba.estacionamiento.model.Vehiculo, tableAlias=vehiculo0_}
          |  \-[IDENT] IdentNode: 'placa' {originalText=placa}
          \-[PARAM] ParameterNode: '?' {ordinal=0, expectedType=org.hibernate.type.StringType@517ee201}

08:52:12.854 [Test worker] DEBUG org.hibernate.hql.internal.ast.ErrorCounter - throwQueryException() : no errors
08:52:12.854 [Test worker] DEBUG org.hibernate.hql.internal.ast.QueryTranslatorImpl - HQL: SELECT v FROM co.com.ceiba.estacionamiento.model.Vehiculo v WHERE v.placa =?
08:52:12.854 [Test worker] DEBUG org.hibernate.hql.internal.ast.QueryTranslatorImpl - SQL: select vehiculo0_.ID as ID1_0_, vehiculo0_.CILINDRAJE as CILINDRA2_0_, vehiculo0_.PLACA as PLACA3_0_, vehiculo0_.TIPO_VEHICULO as TIPO_VEH4_0_ from vehiculo vehiculo0_ where vehiculo0_.PLACA=?
08:52:12.855 [Test worker] DEBUG org.hibernate.hql.internal.ast.ErrorCounter - throwQueryException() : no errors
08:52:12.855 [Test worker] DEBUG org.hibernate.SQL - select vehiculo0_.ID as ID1_0_, vehiculo0_.CILINDRAJE as CILINDRA2_0_, vehiculo0_.PLACA as PLACA3_0_, vehiculo0_.TIPO_VEHICULO as TIPO_VEH4_0_ from vehiculo vehiculo0_ where vehiculo0_.PLACA=?
Hibernate: select vehiculo0_.ID as ID1_0_, vehiculo0_.CILINDRAJE as CILINDRA2_0_, vehiculo0_.PLACA as PLACA3_0_, vehiculo0_.TIPO_VEHICULO as TIPO_VEH4_0_ from vehiculo vehiculo0_ where vehiculo0_.PLACA=?
08:52:12.856 [Test worker] DEBUG org.hibernate.loader.Loader - Result set row: 0
08:52:12.857 [Test worker] DEBUG org.hibernate.loader.Loader - Result row: EntityKey[co.com.ceiba.estacionamiento.model.Vehiculo#1]
08:52:12.857 [Test worker] DEBUG org.hibernate.engine.internal.TwoPhaseLoad - Resolving associations for [co.com.ceiba.estacionamiento.model.Vehiculo#1]
08:52:12.857 [Test worker] DEBUG org.hibernate.engine.internal.TwoPhaseLoad - Done materializing entity [co.com.ceiba.estacionamiento.model.Vehiculo#1]
08:52:12.857 [Test worker] DEBUG org.hibernate.resource.jdbc.internal.LogicalConnectionManagedImpl - Initiating JDBC connection release from afterTransaction
result vehiculo id 1 placa GXL315 cilindraje 115 tipoVehiculo C
08:52:12.858 [Test worker] DEBUG org.hibernate.SQL - select vehiculo0_.ID as ID1_0_, vehiculo0_.CILINDRAJE as CILINDRA2_0_, vehiculo0_.PLACA as PLACA3_0_, vehiculo0_.TIPO_VEHICULO as TIPO_VEH4_0_ from vehiculo vehiculo0_ where vehiculo0_.PLACA=?
Hibernate: select vehiculo0_.ID as ID1_0_, vehiculo0_.CILINDRAJE as CILINDRA2_0_, vehiculo0_.PLACA as PLACA3_0_, vehiculo0_.TIPO_VEHICULO as TIPO_VEH4_0_ from vehiculo vehiculo0_ where vehiculo0_.PLACA=?
08:52:12.860 [Test worker] DEBUG org.hibernate.resource.jdbc.internal.LogicalConnectionManagedImpl - Initiating JDBC connection release from afterTransaction
]]></system-out>
  <system-err><![CDATA[Wed Sep 12 08:52:12 COT 2018 WARN: Establishing SSL connection without server's identity verification is not recommended. According to MySQL 5.5.45+, 5.6.26+ and 5.7.6+ requirements SSL connection must be established by default if explicit option isn't set. For compliance with existing applications not using SSL the verifyServerCertificate property is set to 'false'. You need either to explicitly disable SSL by setting useSSL=false, or set useSSL=true and provide truststore for server certificate verification.
]]></system-err>
</testsuite>
