<?xml version="1.0" encoding="UTF-8"?>
<testsuite name="co.com.ceiba.estacionamiento.util.ControlTarifasTest" tests="3" skipped="0" failures="0" errors="0" timestamp="2018-09-13T18:45:28" hostname="DANIEL-GIRALDO" time="0.0">
  <properties/>
  <testcase name="calcularPrecioCarroTest" classname="co.com.ceiba.estacionamiento.util.ControlTarifasTest" time="0.0"/>
  <testcase name="calcularPrecioMotoConCilindrajeSuperadoTest" classname="co.com.ceiba.estacionamiento.util.ControlTarifasTest" time="0.0"/>
  <testcase name="calcularPrecioMotoSinCilindrajeSuperadoTest" classname="co.com.ceiba.estacionamiento.util.ControlTarifasTest" time="0.0"/>
  <system-out><![CDATA[]]></system-out>
  <system-err><![CDATA[]]></system-err>
</testsuite>
