<?xml version="1.0" encoding="UTF-8"?>
<testsuite name="co.com.ceiba.estacionamiento.dao.VigilanteRepositoryImplTest" tests="10" skipped="0" failures="0" errors="0" timestamp="2018-09-20T18:32:31" hostname="DANIEL-GIRALDO" time="0.256">
  <properties/>
  <testcase name="salidaVehiculosParqueaderoTest" classname="co.com.ceiba.estacionamiento.dao.VigilanteRepositoryImplTest" time="0.159"/>
  <testcase name="listarCarrosParqueadosTest" classname="co.com.ceiba.estacionamiento.dao.VigilanteRepositoryImplTest" time="0.01"/>
  <testcase name="contarCarrosParqueadosTest" classname="co.com.ceiba.estacionamiento.dao.VigilanteRepositoryImplTest" time="0.001"/>
  <testcase name="buscarParqueaderoVehiculoTest" classname="co.com.ceiba.estacionamiento.dao.VigilanteRepositoryImplTest" time="0.004"/>
  <testcase name="buscarParqueaderoVehiculoNoParqueadoTest" classname="co.com.ceiba.estacionamiento.dao.VigilanteRepositoryImplTest" time="0.074"/>
  <testcase name="contarMotosParqueadosTest" classname="co.com.ceiba.estacionamiento.dao.VigilanteRepositoryImplTest" time="0.001"/>
  <testcase name="buscarVehiculoNoEncontradoTest" classname="co.com.ceiba.estacionamiento.dao.VigilanteRepositoryImplTest" time="0.0"/>
  <testcase name="listarMotosParqueadasTest" classname="co.com.ceiba.estacionamiento.dao.VigilanteRepositoryImplTest" time="0.001"/>
  <testcase name="ingresoVehiculosParqueaderoTest" classname="co.com.ceiba.estacionamiento.dao.VigilanteRepositoryImplTest" time="0.001"/>
  <testcase name="buscarVehiculoTest" classname="co.com.ceiba.estacionamiento.dao.VigilanteRepositoryImplTest" time="0.001"/>
  <system-out><![CDATA[]]></system-out>
  <system-err><![CDATA[]]></system-err>
</testsuite>
