<?xml version="1.0" encoding="UTF-8"?>
<testsuite name="co.com.ceiba.estacionamiento.service.VigilanteServiceImplTest" tests="17" skipped="0" failures="0" errors="0" timestamp="2018-09-20T18:32:31" hostname="DANIEL-GIRALDO" time="0.104">
  <properties/>
  <testcase name="salidaVehiculoNoParqueadoTest" classname="co.com.ceiba.estacionamiento.service.VigilanteServiceImplTest" time="0.004"/>
  <testcase name="ingresarVehiculoParqueaderoVehiculoExistenteTest" classname="co.com.ceiba.estacionamiento.service.VigilanteServiceImplTest" time="0.003"/>
  <testcase name="salidaVehiculoCarroTest" classname="co.com.ceiba.estacionamiento.service.VigilanteServiceImplTest" time="0.003"/>
  <testcase name="consultarDisponibilidadSinCupoMoto" classname="co.com.ceiba.estacionamiento.service.VigilanteServiceImplTest" time="0.003"/>
  <testcase name="salidaVehiculoMotoTest" classname="co.com.ceiba.estacionamiento.service.VigilanteServiceImplTest" time="0.001"/>
  <testcase name="buscarVehiculoNoEncontrado" classname="co.com.ceiba.estacionamiento.service.VigilanteServiceImplTest" time="0.001"/>
  <testcase name="guardarVehiculoTest" classname="co.com.ceiba.estacionamiento.service.VigilanteServiceImplTest" time="0.0"/>
  <testcase name="consultarDisponibilidad" classname="co.com.ceiba.estacionamiento.service.VigilanteServiceImplTest" time="0.001"/>
  <testcase name="guardarVehiculoSinPlacaTest" classname="co.com.ceiba.estacionamiento.service.VigilanteServiceImplTest" time="0.0"/>
  <testcase name="ingresarVehiculoParqueaderoVehiculoInexistenteTest" classname="co.com.ceiba.estacionamiento.service.VigilanteServiceImplTest" time="0.001"/>
  <testcase name="ingresarVehiculoParqueaderoVehiculoExistenteNoParqueadoTest" classname="co.com.ceiba.estacionamiento.service.VigilanteServiceImplTest" time="0.004"/>
  <testcase name="validarPlacaTest" classname="co.com.ceiba.estacionamiento.service.VigilanteServiceImplTest" time="0.001"/>
  <testcase name="salidaVehiculoNullTest" classname="co.com.ceiba.estacionamiento.service.VigilanteServiceImplTest" time="0.0"/>
  <testcase name="consultarDisponibilidadSinCupoCarro" classname="co.com.ceiba.estacionamiento.service.VigilanteServiceImplTest" time="0.001"/>
  <testcase name="buscarVehiculoTest" classname="co.com.ceiba.estacionamiento.service.VigilanteServiceImplTest" time="0.071"/>
  <testcase name="buscarParqueaderoVehiculoEncontradoTest" classname="co.com.ceiba.estacionamiento.service.VigilanteServiceImplTest" time="0.0"/>
  <testcase name="buscarParqueaderoVehiculoNoEncontradoTest" classname="co.com.ceiba.estacionamiento.service.VigilanteServiceImplTest" time="0.0"/>
  <system-out><![CDATA[]]></system-out>
  <system-err><![CDATA[]]></system-err>
</testsuite>
