<?xml version="1.0" encoding="UTF-8"?>
<testsuite name="co.com.ceiba.estacionamiento.dao.VigilanteRepositoryImplTest" tests="11" skipped="0" failures="0" errors="0" timestamp="2018-09-19T21:37:34" hostname="DANIEL-GIRALDO" time="0.266">
  <properties/>
  <testcase name="salidaVehiculosParqueaderoTest" classname="co.com.ceiba.estacionamiento.dao.VigilanteRepositoryImplTest" time="0.156"/>
  <testcase name="listarCarrosParqueadosTest" classname="co.com.ceiba.estacionamiento.dao.VigilanteRepositoryImplTest" time="0.016"/>
  <testcase name="buscarVehiculoParqueadoTest" classname="co.com.ceiba.estacionamiento.dao.VigilanteRepositoryImplTest" time="0.075"/>
  <testcase name="contarCarrosParqueadosTest" classname="co.com.ceiba.estacionamiento.dao.VigilanteRepositoryImplTest" time="0.003"/>
  <testcase name="buscarParqueaderoVehiculoTest" classname="co.com.ceiba.estacionamiento.dao.VigilanteRepositoryImplTest" time="0.001"/>
  <testcase name="buscarParqueaderoVehiculoNoParqueadoTest" classname="co.com.ceiba.estacionamiento.dao.VigilanteRepositoryImplTest" time="0.002"/>
  <testcase name="contarMotosParqueadosTest" classname="co.com.ceiba.estacionamiento.dao.VigilanteRepositoryImplTest" time="0.001"/>
  <testcase name="buscarVehiculoNoEncontradoTest" classname="co.com.ceiba.estacionamiento.dao.VigilanteRepositoryImplTest" time="0.002"/>
  <testcase name="listarMotosParqueadasTest" classname="co.com.ceiba.estacionamiento.dao.VigilanteRepositoryImplTest" time="0.001"/>
  <testcase name="ingresoVehiculosParqueaderoTest" classname="co.com.ceiba.estacionamiento.dao.VigilanteRepositoryImplTest" time="0.001"/>
  <testcase name="buscarVehiculoTest" classname="co.com.ceiba.estacionamiento.dao.VigilanteRepositoryImplTest" time="0.0"/>
  <system-out><![CDATA[]]></system-out>
  <system-err><![CDATA[]]></system-err>
</testsuite>
