<?xml version="1.0" encoding="UTF-8"?>
<testsuite name="co.com.ceiba.estacionamiento.util.ControlTarifasTest" tests="3" skipped="0" failures="0" errors="0" timestamp="2018-09-17T16:26:37" hostname="DANIEL-GIRALDO" time="0.002">
  <properties/>
  <testcase name="calcularPrecioCarroTest" classname="co.com.ceiba.estacionamiento.util.ControlTarifasTest" time="0.001"/>
  <testcase name="calcularPrecioMotoConCilindrajeSuperadoTest" classname="co.com.ceiba.estacionamiento.util.ControlTarifasTest" time="0.001"/>
  <testcase name="calcularPrecioMotoSinCilindrajeSuperadoTest" classname="co.com.ceiba.estacionamiento.util.ControlTarifasTest" time="0.0"/>
  <system-out><![CDATA[]]></system-out>
  <system-err><![CDATA[]]></system-err>
</testsuite>
