<?xml version="1.0" encoding="UTF-8"?>
<testsuite name="co.com.ceiba.estacionamiento.service.VigilanteServiceImplTest" tests="10" skipped="0" failures="0" errors="0" timestamp="2018-09-17T12:26:40" hostname="DANIEL-GIRALDO" time="0.203">
  <properties/>
  <testcase name="buscarVehiculoNoEncontrado" classname="co.com.ceiba.estacionamiento.service.VigilanteServiceImplTest" time="0.001"/>
  <testcase name="buscarVehiculoParqueadoEncontradoTest" classname="co.com.ceiba.estacionamiento.service.VigilanteServiceImplTest" time="0.001"/>
  <testcase name="guardarVehiculoTest" classname="co.com.ceiba.estacionamiento.service.VigilanteServiceImplTest" time="0.19"/>
  <testcase name="buscarVehiculoParqueadoNoEncontradoTest" classname="co.com.ceiba.estacionamiento.service.VigilanteServiceImplTest" time="0.002"/>
  <testcase name="guardarVehiculoSinPlacaTest" classname="co.com.ceiba.estacionamiento.service.VigilanteServiceImplTest" time="0.001"/>
  <testcase name="ingresarVehiculoParqueaderoVehiculoInexistenteTest" classname="co.com.ceiba.estacionamiento.service.VigilanteServiceImplTest" time="0.001"/>
  <testcase name="validarPlacaTest" classname="co.com.ceiba.estacionamiento.service.VigilanteServiceImplTest" time="0.001"/>
  <testcase name="guardarVehiculoExistenteTest" classname="co.com.ceiba.estacionamiento.service.VigilanteServiceImplTest" time="0.001"/>
  <testcase name="buscarVehiculoTest" classname="co.com.ceiba.estacionamiento.service.VigilanteServiceImplTest" time="0.001"/>
  <testcase name="buscarParqueaderoVehiculoNoEncontradoTest" classname="co.com.ceiba.estacionamiento.service.VigilanteServiceImplTest" time="0.001"/>
  <system-out><![CDATA[]]></system-out>
  <system-err><![CDATA[]]></system-err>
</testsuite>
