<?xml version="1.0" encoding="UTF-8"?>
<testsuite name="co.com.ceiba.estacionamiento.util.ControlFechaTest" tests="3" skipped="0" failures="0" errors="0" timestamp="2018-09-19T21:49:07" hostname="DANIEL-GIRALDO" time="0.001">
  <properties/>
  <testcase name="fechaAcutalSistema" classname="co.com.ceiba.estacionamiento.util.ControlFechaTest" time="0.0"/>
  <testcase name="calcularTiempoTest" classname="co.com.ceiba.estacionamiento.util.ControlFechaTest" time="0.001"/>
  <testcase name="velidarDiaLunesTest" classname="co.com.ceiba.estacionamiento.util.ControlFechaTest" time="0.0"/>
  <system-out><![CDATA[]]></system-out>
  <system-err><![CDATA[]]></system-err>
</testsuite>
